TN:
SF:src/App.tsx
FN:4,App
FNF:1
FNH:0
FNDA:0,App
DA:1,0
DA:2,0
DA:5,0
DA:12,0
LF:4
LH:0
BRF:0
BRH:0
end_of_record
TN:
SF:src/components/AchievementDashboard.tsx
FN:16,(anonymous_0)
FN:23,(anonymous_1)
FN:29,(anonymous_2)
FN:31,(anonymous_3)
FN:34,(anonymous_4)
FN:35,(anonymous_5)
FN:38,(anonymous_6)
FN:39,(anonymous_7)
FN:42,(anonymous_8)
FN:53,(anonymous_9)
FN:64,(anonymous_10)
FN:87,(anonymous_11)
FN:111,(anonymous_12)
FN:112,(anonymous_13)
FN:131,(anonymous_14)
FN:135,(anonymous_15)
FN:144,(anonymous_16)
FN:147,(anonymous_17)
FN:160,(anonymous_18)
FN:232,(anonymous_19)
FN:235,(anonymous_20)
FN:277,(anonymous_21)
FN:287,(anonymous_22)
FN:297,(anonymous_23)
FNF:24
FNH:0
FNDA:0,(anonymous_0)
FNDA:0,(anonymous_1)
FNDA:0,(anonymous_2)
FNDA:0,(anonymous_3)
FNDA:0,(anonymous_4)
FNDA:0,(anonymous_5)
FNDA:0,(anonymous_6)
FNDA:0,(anonymous_7)
FNDA:0,(anonymous_8)
FNDA:0,(anonymous_9)
FNDA:0,(anonymous_10)
FNDA:0,(anonymous_11)
FNDA:0,(anonymous_12)
FNDA:0,(anonymous_13)
FNDA:0,(anonymous_14)
FNDA:0,(anonymous_15)
FNDA:0,(anonymous_16)
FNDA:0,(anonymous_17)
FNDA:0,(anonymous_18)
FNDA:0,(anonymous_19)
FNDA:0,(anonymous_20)
FNDA:0,(anonymous_21)
FNDA:0,(anonymous_22)
FNDA:0,(anonymous_23)
DA:1,0
DA:9,0
DA:16,0
DA:17,0
DA:18,0
DA:19,0
DA:20,0
DA:21,0
DA:23,0
DA:24,0
DA:25,0
DA:26,0
DA:29,0
DA:30,0
DA:31,0
DA:34,0
DA:35,0
DA:38,0
DA:39,0
DA:42,0
DA:43,0
DA:44,0
DA:45,0
DA:46,0
DA:47,0
DA:48,0
DA:49,0
DA:53,0
DA:54,0
DA:55,0
DA:56,0
DA:57,0
DA:58,0
DA:59,0
DA:60,0
DA:64,0
DA:65,0
DA:88,0
DA:112,0
DA:113,0
DA:131,0
DA:132,0
DA:135,0
DA:145,0
DA:147,0
DA:161,0
DA:162,0
DA:163,0
DA:165,0
DA:167,0
DA:232,0
DA:233,0
DA:236,0
DA:261,0
DA:277,0
DA:287,0
DA:297,0
DA:319,0
LF:58
LH:0
BRDA:30,0,0,0
BRDA:30,0,1,0
BRDA:43,1,0,0
BRDA:43,1,1,0
BRDA:43,1,2,0
BRDA:43,1,3,0
BRDA:43,1,4,0
BRDA:43,1,5,0
BRDA:54,2,0,0
BRDA:54,2,1,0
BRDA:54,2,2,0
BRDA:54,2,3,0
BRDA:54,2,4,0
BRDA:54,2,5,0
BRDA:69,3,0,0
BRDA:69,3,1,0
BRDA:74,4,0,0
BRDA:74,4,1,0
BRDA:74,5,0,0
BRDA:74,5,1,0
BRDA:83,6,0,0
BRDA:83,6,1,0
BRDA:94,7,0,0
BRDA:94,7,1,0
BRDA:107,8,0,0
BRDA:107,8,1,0
BRDA:107,8,2,0
BRDA:137,9,0,0
BRDA:137,9,1,0
BRDA:149,10,0,0
BRDA:149,10,1,0
BRDA:163,11,0,0
BRDA:163,11,1,0
BRDA:165,12,0,0
BRDA:165,12,1,0
BRDA:171,13,0,0
BRDA:171,13,1,0
BRDA:178,14,0,0
BRDA:178,14,1,0
BRDA:182,15,0,0
BRDA:182,15,1,0
BRDA:185,16,0,0
BRDA:185,16,1,0
BRDA:200,17,0,0
BRDA:200,17,1,0
BRDA:200,17,2,0
BRDA:219,18,0,0
BRDA:219,18,1,0
BRDA:244,19,0,0
BRDA:244,19,1,0
BRDA:253,20,0,0
BRDA:253,20,1,0
BRDA:279,21,0,0
BRDA:279,21,1,0
BRDA:289,22,0,0
BRDA:289,22,1,0
BRDA:299,23,0,0
BRDA:299,23,1,0
BRDA:310,24,0,0
BRDA:310,24,1,0
BRDA:311,25,0,0
BRDA:311,25,1,0
BRDA:312,26,0,0
BRDA:312,26,1,0
BRF:64
BRH:0
end_of_record
TN:
SF:src/components/AchievementNotification.tsx
FN:10,(anonymous_0)
FN:17,(anonymous_1)
FN:22,(anonymous_2)
FN:25,(anonymous_3)
FN:30,(anonymous_4)
FN:35,(anonymous_5)
FN:46,(anonymous_6)
FN:77,(anonymous_7)
FN:105,(anonymous_8)
FN:111,(anonymous_9)
FN:113,(anonymous_10)
FN:117,(anonymous_11)
FN:118,(anonymous_12)
FN:119,(anonymous_13)
FN:130,(anonymous_14)
FN:138,(anonymous_15)
FNF:16
FNH:0
FNDA:0,(anonymous_0)
FNDA:0,(anonymous_1)
FNDA:0,(anonymous_2)
FNDA:0,(anonymous_3)
FNDA:0,(anonymous_4)
FNDA:0,(anonymous_5)
FNDA:0,(anonymous_6)
FNDA:0,(anonymous_7)
FNDA:0,(anonymous_8)
FNDA:0,(anonymous_9)
FNDA:0,(anonymous_10)
FNDA:0,(anonymous_11)
FNDA:0,(anonymous_12)
FNDA:0,(anonymous_13)
FNDA:0,(anonymous_14)
FNDA:0,(anonymous_15)
DA:1,0
DA:3,0
DA:10,0
DA:14,0
DA:15,0
DA:17,0
DA:18,0
DA:19,0
DA:22,0
DA:25,0
DA:26,0
DA:27,0
DA:30,0
DA:33,0
DA:35,0
DA:36,0
DA:37,0
DA:38,0
DA:39,0
DA:40,0
DA:41,0
DA:42,0
DA:46,0
DA:47,0
DA:48,0
DA:49,0
DA:50,0
DA:51,0
DA:52,0
DA:53,0
DA:57,0
DA:78,0
DA:79,0
DA:105,0
DA:109,0
DA:111,0
DA:112,0
DA:113,0
DA:117,0
DA:118,0
DA:119,0
DA:123,0
DA:124,0
DA:128,0
DA:131,0
DA:138,0
DA:146,0
LF:47
LH:0
BRDA:19,0,0,0
BRDA:19,0,1,0
BRDA:33,1,0,0
BRDA:33,1,1,0
BRDA:36,2,0,0
BRDA:36,2,1,0
BRDA:36,2,2,0
BRDA:36,2,3,0
BRDA:36,2,4,0
BRDA:36,2,5,0
BRDA:47,3,0,0
BRDA:47,3,1,0
BRDA:47,3,2,0
BRDA:47,3,3,0
BRDA:47,3,4,0
BRDA:47,3,5,0
BRDA:59,4,0,0
BRDA:59,4,1,0
BRDA:112,5,0,0
BRDA:112,5,1,0
BRDA:123,6,0,0
BRDA:123,6,1,0
BRF:22
BRH:0
end_of_record
TN:
SF:src/components/BabySimulator.tsx
FN:21,(anonymous_0)
FN:92,(anonymous_1)
FN:93,(anonymous_2)
FN:111,(anonymous_3)
FN:113,(anonymous_4)
FN:122,(anonymous_5)
FN:127,(anonymous_6)
FN:129,(anonymous_7)
FN:133,(anonymous_8)
FN:141,(anonymous_9)
FN:145,(anonymous_10)
FN:154,(anonymous_11)
FN:155,(anonymous_12)
FN:158,(anonymous_13)
FN:159,(anonymous_14)
FN:162,(anonymous_15)
FN:163,(anonymous_16)
FN:166,(anonymous_17)
FN:192,(anonymous_18)
FN:193,(anonymous_19)
FN:196,(anonymous_20)
FN:197,(anonymous_21)
FN:245,(anonymous_22)
FN:277,(anonymous_23)
FN:326,(anonymous_24)
FN:327,(anonymous_25)
FN:333,(anonymous_26)
FN:366,(anonymous_27)
FN:393,(anonymous_28)
FN:419,(anonymous_29)
FN:420,(anonymous_30)
FN:423,(anonymous_31)
FN:438,(anonymous_32)
FN:443,(anonymous_33)
FN:454,(anonymous_34)
FN:469,(anonymous_35)
FN:478,(anonymous_36)
FN:495,(anonymous_37)
FN:505,(anonymous_38)
FN:575,(anonymous_39)
FN:576,(anonymous_40)
FN:599,(anonymous_41)
FN:620,(anonymous_42)
FN:625,(anonymous_43)
FN:630,(anonymous_44)
FN:635,(anonymous_45)
FN:636,(anonymous_46)
FN:648,(anonymous_47)
FN:674,(anonymous_48)
FN:675,(anonymous_49)
FN:676,(anonymous_50)
FN:677,(anonymous_51)
FN:681,(anonymous_52)
FN:687,(anonymous_53)
FNF:54
FNH:0
FNDA:0,(anonymous_0)
FNDA:0,(anonymous_1)
FNDA:0,(anonymous_2)
FNDA:0,(anonymous_3)
FNDA:0,(anonymous_4)
FNDA:0,(anonymous_5)
FNDA:0,(anonymous_6)
FNDA:0,(anonymous_7)
FNDA:0,(anonymous_8)
FNDA:0,(anonymous_9)
FNDA:0,(anonymous_10)
FNDA:0,(anonymous_11)
FNDA:0,(anonymous_12)
FNDA:0,(anonymous_13)
FNDA:0,(anonymous_14)
FNDA:0,(anonymous_15)
FNDA:0,(anonymous_16)
FNDA:0,(anonymous_17)
FNDA:0,(anonymous_18)
FNDA:0,(anonymous_19)
FNDA:0,(anonymous_20)
FNDA:0,(anonymous_21)
FNDA:0,(anonymous_22)
FNDA:0,(anonymous_23)
FNDA:0,(anonymous_24)
FNDA:0,(anonymous_25)
FNDA:0,(anonymous_26)
FNDA:0,(anonymous_27)
FNDA:0,(anonymous_28)
FNDA:0,(anonymous_29)
FNDA:0,(anonymous_30)
FNDA:0,(anonymous_31)
FNDA:0,(anonymous_32)
FNDA:0,(anonymous_33)
FNDA:0,(anonymous_34)
FNDA:0,(anonymous_35)
FNDA:0,(anonymous_36)
FNDA:0,(anonymous_37)
FNDA:0,(anonymous_38)
FNDA:0,(anonymous_39)
FNDA:0,(anonymous_40)
FNDA:0,(anonymous_41)
FNDA:0,(anonymous_42)
FNDA:0,(anonymous_43)
FNDA:0,(anonymous_44)
FNDA:0,(anonymous_45)
FNDA:0,(anonymous_46)
FNDA:0,(anonymous_47)
FNDA:0,(anonymous_48)
FNDA:0,(anonymous_49)
FNDA:0,(anonymous_50)
FNDA:0,(anonymous_51)
FNDA:0,(anonymous_52)
FNDA:0,(anonymous_53)
DA:1,0
DA:3,0
DA:4,0
DA:5,0
DA:6,0
DA:7,0
DA:8,0
DA:9,0
DA:10,0
DA:11,0
DA:12,0
DA:13,0
DA:14,0
DA:15,0
DA:21,0
DA:22,0
DA:23,0
DA:80,0
DA:81,0
DA:82,0
DA:83,0
DA:84,0
DA:85,0
DA:86,0
DA:87,0
DA:88,0
DA:89,0
DA:92,0
DA:93,0
DA:94,0
DA:95,0
DA:96,0
DA:98,0
DA:99,0
DA:102,0
DA:106,0
DA:107,0
DA:111,0
DA:112,0
DA:113,0
DA:114,0
DA:115,0
DA:117,0
DA:121,0
DA:122,0
DA:127,0
DA:128,0
DA:129,0
DA:130,0
DA:131,0
DA:132,0
DA:133,0
DA:136,0
DA:140,0
DA:141,0
DA:145,0
DA:146,0
DA:147,0
DA:148,0
DA:150,0
DA:154,0
DA:155,0
DA:158,0
DA:159,0
DA:162,0
DA:163,0
DA:166,0
DA:167,0
DA:188,0
DA:189,0
DA:192,0
DA:193,0
DA:196,0
DA:197,0
DA:198,0
DA:238,0
DA:240,0
DA:245,0
DA:247,0
DA:257,0
DA:258,0
DA:259,0
DA:262,0
DA:277,0
DA:278,0
DA:281,0
DA:282,0
DA:288,0
DA:290,0
DA:296,0
DA:301,0
DA:305,0
DA:306,0
DA:312,0
DA:325,0
DA:326,0
DA:327,0
DA:333,0
DA:334,0
DA:337,0
DA:338,0
DA:340,0
DA:341,0
DA:342,0
DA:345,0
DA:346,0
DA:347,0
DA:350,0
DA:351,0
DA:352,0
DA:355,0
DA:356,0
DA:359,0
DA:360,0
DA:363,0
DA:366,0
DA:367,0
DA:369,0
DA:371,0
DA:372,0
DA:373,0
DA:376,0
DA:377,0
DA:378,0
DA:381,0
DA:382,0
DA:385,0
DA:386,0
DA:387,0
DA:390,0
DA:393,0
DA:394,0
DA:396,0
DA:397,0
DA:399,0
DA:400,0
DA:403,0
DA:404,0
DA:407,0
DA:408,0
DA:411,0
DA:412,0
DA:415,0
DA:419,0
DA:420,0
DA:423,0
DA:424,0
DA:438,0
DA:439,0
DA:443,0
DA:444,0
DA:445,0
DA:446,0
DA:447,0
DA:448,0
DA:450,0
DA:454,0
DA:455,0
DA:456,0
DA:457,0
DA:460,0
DA:462,0
DA:463,0
DA:465,0
DA:469,0
DA:470,0
DA:471,0
DA:472,0
DA:474,0
DA:478,0
DA:479,0
DA:480,0
DA:481,0
DA:482,0
DA:483,0
DA:484,0
DA:485,0
DA:486,0
DA:487,0
DA:488,0
DA:489,0
DA:491,0
DA:495,0
DA:496,0
DA:497,0
DA:498,0
DA:499,0
DA:501,0
DA:505,0
DA:506,0
DA:564,0
DA:565,0
DA:568,0
DA:575,0
DA:576,0
DA:599,0
DA:621,0
DA:622,0
DA:623,0
DA:626,0
DA:627,0
DA:628,0
DA:631,0
DA:632,0
DA:633,0
DA:635,0
DA:636,0
DA:648,0
DA:674,0
DA:675,0
DA:676,0
DA:677,0
DA:681,0
DA:687,0
DA:688,0
LF:215
LH:0
BRDA:96,0,0,0
BRDA:96,0,1,0
BRDA:96,1,0,0
BRDA:96,1,1,0
BRDA:112,2,0,0
BRDA:112,2,1,0
BRDA:112,3,0,0
BRDA:112,3,1,0
BRDA:128,4,0,0
BRDA:128,4,1,0
BRDA:128,5,0,0
BRDA:128,5,1,0
BRDA:132,6,0,0
BRDA:132,6,1,0
BRDA:189,7,0,0
BRDA:189,7,1,0
BRDA:189,8,0,0
BRDA:189,8,1,0
BRDA:259,9,0,0
BRDA:259,9,1,0
BRDA:266,10,0,0
BRDA:266,10,1,0
BRDA:267,11,0,0
BRDA:267,11,1,0
BRDA:268,12,0,0
BRDA:268,12,1,0
BRDA:281,13,0,0
BRDA:281,13,1,0
BRDA:281,14,0,0
BRDA:281,14,1,0
BRDA:288,15,0,0
BRDA:288,15,1,0
BRDA:305,16,0,0
BRDA:305,16,1,0
BRDA:305,17,0,0
BRDA:305,17,1,0
BRDA:316,18,0,0
BRDA:316,18,1,0
BRDA:325,19,0,0
BRDA:325,19,1,0
BRDA:340,20,0,0
BRDA:340,20,1,0
BRDA:340,21,0,0
BRDA:340,21,1,0
BRDA:345,22,0,0
BRDA:345,22,1,0
BRDA:345,23,0,0
BRDA:345,23,1,0
BRDA:350,24,0,0
BRDA:350,24,1,0
BRDA:350,25,0,0
BRDA:350,25,1,0
BRDA:355,26,0,0
BRDA:355,26,1,0
BRDA:355,27,0,0
BRDA:355,27,1,0
BRDA:359,28,0,0
BRDA:359,28,1,0
BRDA:359,29,0,0
BRDA:359,29,1,0
BRDA:371,30,0,0
BRDA:371,30,1,0
BRDA:371,31,0,0
BRDA:371,31,1,0
BRDA:376,32,0,0
BRDA:376,32,1,0
BRDA:376,33,0,0
BRDA:376,33,1,0
BRDA:381,34,0,0
BRDA:381,34,1,0
BRDA:381,35,0,0
BRDA:381,35,1,0
BRDA:385,36,0,0
BRDA:385,36,1,0
BRDA:385,37,0,0
BRDA:385,37,1,0
BRDA:399,38,0,0
BRDA:399,38,1,0
BRDA:399,39,0,0
BRDA:399,39,1,0
BRDA:403,40,0,0
BRDA:403,40,1,0
BRDA:403,41,0,0
BRDA:403,41,1,0
BRDA:407,42,0,0
BRDA:407,42,1,0
BRDA:407,43,0,0
BRDA:407,43,1,0
BRDA:411,44,0,0
BRDA:411,44,1,0
BRDA:411,45,0,0
BRDA:411,45,1,0
BRDA:427,46,0,0
BRDA:427,46,1,0
BRDA:450,47,0,0
BRDA:450,47,1,0
BRDA:465,48,0,0
BRDA:465,48,1,0
BRDA:579,49,0,0
BRDA:579,49,1,0
BRDA:590,50,0,0
BRDA:590,50,1,0
BRDA:596,51,0,0
BRDA:596,51,1,0
BRDA:609,52,0,0
BRDA:609,52,1,0
BRDA:613,53,0,0
BRDA:613,53,1,0
BRDA:653,54,0,0
BRDA:653,54,1,0
BRF:110
BRH:0
end_of_record
TN:
SF:src/components/CharacterDevelopment.tsx
FN:11,(anonymous_0)
FN:34,(anonymous_1)
FN:36,(anonymous_2)
FN:47,(anonymous_3)
FN:49,(anonymous_4)
FN:61,(anonymous_5)
FN:72,(anonymous_6)
FN:78,(anonymous_7)
FN:84,(anonymous_8)
FN:95,(anonymous_9)
FN:97,(anonymous_10)
FN:112,(anonymous_11)
FN:113,(anonymous_12)
FN:115,(anonymous_13)
FN:129,(anonymous_14)
FN:134,(anonymous_15)
FN:138,(anonymous_16)
FN:161,(anonymous_17)
FN:166,(anonymous_18)
FN:170,(anonymous_19)
FN:190,(anonymous_20)
FN:192,(anonymous_21)
FN:216,(anonymous_22)
FN:218,(anonymous_23)
FN:262,(anonymous_24)
FN:265,(anonymous_25)
FNF:26
FNH:0
FNDA:0,(anonymous_0)
FNDA:0,(anonymous_1)
FNDA:0,(anonymous_2)
FNDA:0,(anonymous_3)
FNDA:0,(anonymous_4)
FNDA:0,(anonymous_5)
FNDA:0,(anonymous_6)
FNDA:0,(anonymous_7)
FNDA:0,(anonymous_8)
FNDA:0,(anonymous_9)
FNDA:0,(anonymous_10)
FNDA:0,(anonymous_11)
FNDA:0,(anonymous_12)
FNDA:0,(anonymous_13)
FNDA:0,(anonymous_14)
FNDA:0,(anonymous_15)
FNDA:0,(anonymous_16)
FNDA:0,(anonymous_17)
FNDA:0,(anonymous_18)
FNDA:0,(anonymous_19)
FNDA:0,(anonymous_20)
FNDA:0,(anonymous_21)
FNDA:0,(anonymous_22)
FNDA:0,(anonymous_23)
FNDA:0,(anonymous_24)
FNDA:0,(anonymous_25)
DA:1,0
DA:3,0
DA:4,0
DA:11,0
DA:15,0
DA:16,0
DA:17,0
DA:19,0
DA:20,0
DA:34,0
DA:37,0
DA:47,0
DA:50,0
DA:61,0
DA:62,0
DA:72,0
DA:78,0
DA:84,0
DA:95,0
DA:98,0
DA:112,0
DA:113,0
DA:116,0
DA:129,0
DA:130,0
DA:132,0
DA:135,0
DA:139,0
DA:161,0
DA:162,0
DA:164,0
DA:167,0
DA:171,0
DA:190,0
DA:191,0
DA:193,0
DA:216,0
DA:217,0
DA:219,0
DA:247,0
DA:263,0
DA:265,0
LF:42
LH:0
BRDA:13,0,0,0
BRDA:19,1,0,0
BRDA:19,1,1,0
BRDA:72,2,0,0
BRDA:72,2,1,0
BRDA:172,3,0,0
BRDA:172,3,1,0
BRDA:177,4,0,0
BRDA:177,4,1,0
BRDA:222,5,0,0
BRDA:222,5,1,0
BRDA:229,6,0,0
BRDA:229,6,1,0
BRDA:236,7,0,0
BRDA:236,7,1,0
BRDA:267,8,0,0
BRDA:267,8,1,0
BRDA:280,9,0,0
BRDA:280,9,1,0
BRDA:281,10,0,0
BRDA:281,10,1,0
BRDA:282,11,0,0
BRDA:282,11,1,0
BRDA:283,12,0,0
BRDA:283,12,1,0
BRDA:284,13,0,0
BRDA:284,13,1,0
BRF:27
BRH:0
end_of_record
TN:
SF:src/components/CharacterGenerationPhase.tsx
FN:8,(anonymous_0)
FN:20,(anonymous_1)
FN:22,(anonymous_2)
FN:23,(anonymous_3)
FN:35,(anonymous_4)
FN:105,(anonymous_5)
FNF:6
FNH:0
FNDA:0,(anonymous_0)
FNDA:0,(anonymous_1)
FNDA:0,(anonymous_2)
FNDA:0,(anonymous_3)
FNDA:0,(anonymous_4)
FNDA:0,(anonymous_5)
DA:1,0
DA:2,0
DA:8,0
DA:9,0
DA:10,0
DA:11,0
DA:13,0
DA:20,0
DA:22,0
DA:23,0
DA:24,0
DA:27,0
DA:28,0
DA:29,0
DA:31,0
DA:35,0
DA:38,0
DA:106,0
DA:133,0
LF:19
LH:0
BRDA:27,0,0,0
BRDA:27,0,1,0
BRDA:27,1,0,0
BRDA:27,1,1,0
BRDA:28,2,0,0
BRDA:28,2,1,0
BRDA:28,3,0,0
BRDA:28,3,1,0
BRDA:29,4,0,0
BRDA:29,4,1,0
BRDA:29,5,0,0
BRDA:29,5,1,0
BRDA:89,6,0,0
BRDA:89,6,1,0
BRDA:109,7,0,0
BRDA:109,7,1,0
BRF:16
BRH:0
end_of_record
TN:
SF:src/components/DashboardContainer.tsx
FN:20,(anonymous_0)
FN:69,(anonymous_1)
FNF:2
FNH:0
FNDA:0,(anonymous_0)
FNDA:0,(anonymous_1)
DA:1,0
DA:3,0
DA:4,0
DA:5,0
DA:6,0
DA:20,0
DA:31,0
DA:32,0
DA:41,0
DA:42,0
DA:49,0
DA:50,0
DA:58,0
DA:69,0
DA:72,0
DA:77,0
DA:78,0
DA:85,0
DA:86,0
DA:90,0
DA:95,0
DA:97,0
LF:22
LH:0
BRDA:31,0,0,0
BRDA:31,0,1,0
BRDA:41,1,0,0
BRDA:41,1,1,0
BRDA:49,2,0,0
BRDA:49,2,1,0
BRDA:72,3,0,0
BRDA:72,3,1,0
BRDA:72,3,2,0
BRDA:77,4,0,0
BRDA:77,4,1,0
BRDA:85,5,0,0
BRDA:85,5,1,0
BRDA:85,6,0,0
BRDA:85,6,1,0
BRDA:85,6,2,0
BRF:16
BRH:0
end_of_record
TN:
SF:src/components/DecisionInterface.tsx
FN:5,(anonymous_0)
FN:14,(anonymous_1)
FN:22,(anonymous_2)
FN:50,(anonymous_3)
FN:53,(anonymous_4)
FN:83,(anonymous_5)
FN:130,(anonymous_6)
FNF:7
FNH:0
FNDA:0,(anonymous_0)
FNDA:0,(anonymous_1)
FNDA:0,(anonymous_2)
FNDA:0,(anonymous_3)
FNDA:0,(anonymous_4)
FNDA:0,(anonymous_5)
FNDA:0,(anonymous_6)
DA:1,0
DA:3,0
DA:5,0
DA:11,0
DA:12,0
DA:14,0
DA:15,0
DA:16,0
DA:17,0
DA:18,0
DA:22,0
DA:23,0
DA:24,0
DA:25,0
DA:29,0
DA:31,0
DA:51,0
DA:53,0
DA:83,0
DA:130,0
LF:20
LH:0
BRDA:9,0,0,0
BRDA:15,1,0,0
BRDA:15,1,1,0
BRDA:23,2,0,0
BRDA:23,2,1,0
BRDA:23,3,0,0
BRDA:23,3,1,0
BRDA:57,4,0,0
BRDA:57,4,1,0
BRDA:66,5,0,0
BRDA:66,5,1,0
BRDA:81,6,0,0
BRDA:81,6,1,0
BRDA:87,7,0,0
BRDA:87,7,1,0
BRDA:89,8,0,0
BRDA:89,8,1,0
BRDA:98,9,0,0
BRDA:98,9,1,0
BRDA:100,10,0,0
BRDA:100,10,1,0
BRDA:113,11,0,0
BRDA:113,11,1,0
BRDA:123,12,0,0
BRDA:123,12,1,0
BRDA:123,12,2,0
BRDA:136,13,0,0
BRDA:136,13,1,0
BRDA:149,14,0,0
BRDA:149,14,1,0
BRDA:152,15,0,0
BRDA:152,15,1,0
BRDA:152,16,0,0
BRDA:152,16,1,0
BRF:34
BRH:0
end_of_record
TN:
SF:src/components/ErrorBoundary.tsx
FN:13,(anonymous_0)
FN:18,(anonymous_1)
FN:22,(anonymous_2)
FN:26,(anonymous_3)
FN:61,(anonymous_4)
FN:69,(anonymous_5)
FNF:6
FNH:0
FNDA:0,(anonymous_0)
FNDA:0,(anonymous_1)
FNDA:0,(anonymous_2)
FNDA:0,(anonymous_3)
FNDA:0,(anonymous_4)
FNDA:0,(anonymous_5)
DA:1,0
DA:12,0
DA:14,0
DA:15,0
DA:19,0
DA:23,0
DA:27,0
DA:28,0
DA:61,0
DA:69,0
DA:92,0
LF:11
LH:0
BRDA:27,0,0,0
BRDA:27,0,1,0
BRDA:47,1,0,0
BRDA:47,1,1,0
BRDA:47,1,2,0
BRF:5
BRH:0
end_of_record
TN:
SF:src/components/FamilyDashboard.tsx
FN:12,(anonymous_0)
FN:23,(anonymous_1)
FN:123,(anonymous_2)
FN:138,(anonymous_3)
FN:146,(anonymous_4)
FN:165,(anonymous_5)
FN:179,(anonymous_6)
FN:195,(anonymous_7)
FN:206,(anonymous_8)
FN:275,(anonymous_9)
FN:285,(anonymous_10)
FN:295,(anonymous_11)
FNF:12
FNH:0
FNDA:0,(anonymous_0)
FNDA:0,(anonymous_1)
FNDA:0,(anonymous_2)
FNDA:0,(anonymous_3)
FNDA:0,(anonymous_4)
FNDA:0,(anonymous_5)
FNDA:0,(anonymous_6)
FNDA:0,(anonymous_7)
FNDA:0,(anonymous_8)
FNDA:0,(anonymous_9)
FNDA:0,(anonymous_10)
FNDA:0,(anonymous_11)
DA:1,0
DA:3,0
DA:4,0
DA:12,0
DA:17,0
DA:19,0
DA:20,0
DA:21,0
DA:23,0
DA:24,0
DA:123,0
DA:124,0
DA:139,0
DA:146,0
DA:166,0
DA:179,0
DA:195,0
DA:196,0
DA:207,0
DA:208,0
DA:210,0
DA:212,0
DA:269,0
DA:275,0
DA:285,0
DA:295,0
LF:26
LH:0
BRDA:38,0,0,0
BRDA:38,0,1,0
BRDA:39,1,0,0
BRDA:39,1,1,0
BRDA:40,2,0,0
BRDA:40,2,1,0
BRDA:48,3,0,0
BRDA:48,3,1,0
BRDA:49,4,0,0
BRDA:49,4,1,0
BRDA:50,5,0,0
BRDA:50,5,1,0
BRDA:101,6,0,0
BRDA:101,6,1,0
BRDA:127,7,0,0
BRDA:127,7,1,0
BRDA:142,8,0,0
BRDA:142,8,1,0
BRDA:146,9,0,0
BRDA:146,9,1,0
BRDA:153,10,0,0
BRDA:153,10,1,0
BRDA:164,11,0,0
BRDA:164,11,1,0
BRDA:166,12,0,0
BRDA:166,12,1,0
BRDA:179,13,0,0
BRDA:179,13,1,0
BRDA:184,14,0,0
BRDA:184,14,1,0
BRDA:184,15,0,0
BRDA:184,15,1,0
BRDA:186,16,0,0
BRDA:186,16,1,0
BRDA:199,17,0,0
BRDA:199,17,1,0
BRDA:210,18,0,0
BRDA:210,18,1,0
BRDA:210,19,0,0
BRDA:210,19,1,0
BRDA:219,20,0,0
BRDA:219,20,1,0
BRDA:220,21,0,0
BRDA:220,21,1,0
BRDA:221,22,0,0
BRDA:221,22,1,0
BRDA:222,23,0,0
BRDA:222,23,1,0
BRDA:277,24,0,0
BRDA:277,24,1,0
BRDA:287,25,0,0
BRDA:287,25,1,0
BRDA:297,26,0,0
BRDA:297,26,1,0
BRDA:308,27,0,0
BRDA:308,27,1,0
BRDA:309,28,0,0
BRDA:309,28,1,0
BRDA:310,29,0,0
BRDA:310,29,1,0
BRDA:313,30,0,0
BRDA:313,30,1,0
BRDA:313,30,2,0
BRF:63
BRH:0
end_of_record
TN:
SF:src/components/Footer.tsx
FN:8,(anonymous_0)
FNF:1
FNH:0
FNDA:0,(anonymous_0)
DA:1,0
DA:2,0
DA:8,0
DA:9,0
DA:11,0
LF:5
LH:0
BRDA:25,0,0,0
BRDA:25,0,1,0
BRF:2
BRH:0
end_of_record
TN:
SF:src/components/GameFooter.tsx
FN:8,(anonymous_0)
FNF:1
FNH:0
FNDA:0,(anonymous_0)
DA:1,0
DA:2,0
DA:8,0
DA:9,0
DA:11,0
DA:34,0
DA:36,0
DA:38,0
LF:8
LH:0
BRF:0
BRH:0
end_of_record
TN:
SF:src/components/GameHeader.tsx
FN:12,(anonymous_0)
FN:49,(anonymous_1)
FNF:2
FNH:0
FNDA:0,(anonymous_0)
FNDA:0,(anonymous_1)
DA:1,0
DA:3,0
DA:4,0
DA:12,0
DA:17,0
DA:19,0
DA:49,0
DA:50,0
DA:56,0
DA:58,0
LF:10
LH:0
BRDA:26,0,0,0
BRDA:26,0,1,0
BRF:2
BRH:0
end_of_record
TN:
SF:src/components/GameplayHeader.tsx
FN:18,(anonymous_0)
FN:31,(anonymous_1)
FN:99,(anonymous_2)
FNF:3
FNH:0
FNDA:0,(anonymous_0)
FNDA:0,(anonymous_1)
FNDA:0,(anonymous_2)
DA:1,0
DA:3,0
DA:4,0
DA:18,0
DA:29,0
DA:31,0
DA:32,0
DA:33,0
DA:34,0
DA:36,0
DA:37,0
DA:40,0
DA:99,0
DA:101,0
DA:102,0
DA:105,0
DA:106,0
DA:109,0
DA:110,0
DA:114,0
DA:119,0
DA:128,0
DA:130,0
LF:23
LH:0
BRDA:33,0,0,0
BRDA:33,0,1,0
BRDA:36,1,0,0
BRDA:36,1,1,0
BRDA:46,2,0,0
BRDA:46,2,1,0
BRDA:51,3,0,0
BRDA:51,3,1,0
BRDA:61,4,0,0
BRDA:61,4,1,0
BRDA:71,5,0,0
BRDA:71,5,1,0
BRDA:114,6,0,0
BRDA:114,6,1,0
BRDA:114,6,2,0
BRDA:120,7,0,0
BRDA:120,7,1,0
BRDA:120,7,2,0
BRDA:120,7,3,0
BRF:19
BRH:0
end_of_record
TN:
SF:src/components/GameplayPhase.tsx
FN:9,(anonymous_0)
FN:961,(anonymous_1)
FN:973,(anonymous_2)
FN:983,(anonymous_3)
FN:986,(anonymous_4)
FN:992,(anonymous_5)
FN:1005,(anonymous_6)
FN:1011,(anonymous_7)
FN:1094,(anonymous_8)
FNF:9
FNH:0
FNDA:0,(anonymous_0)
FNDA:0,(anonymous_1)
FNDA:0,(anonymous_2)
FNDA:0,(anonymous_3)
FNDA:0,(anonymous_4)
FNDA:0,(anonymous_5)
FNDA:0,(anonymous_6)
FNDA:0,(anonymous_7)
FNDA:0,(anonymous_8)
DA:1,0
DA:3,0
DA:4,0
DA:5,0
DA:6,0
DA:9,0
DA:10,0
DA:949,0
DA:961,0
DA:966,0
DA:967,0
DA:968,0
DA:969,0
DA:970,0
DA:971,0
DA:973,0
DA:974,0
DA:975,0
DA:976,0
DA:977,0
DA:978,0
DA:979,0
DA:983,0
DA:984,0
DA:986,0
DA:987,0
DA:988,0
DA:989,0
DA:992,0
DA:993,0
DA:996,0
DA:997,0
DA:999,0
DA:1005,0
DA:1006,0
DA:1011,0
DA:1012,0
DA:1013,0
DA:1014,0
DA:1015,0
DA:1016,0
DA:1017,0
DA:1020,0
DA:1021,0
DA:1024,0
DA:1095,0
LF:46
LH:0
BRDA:949,0,0,0
BRDA:949,0,1,0
BRDA:974,1,0,0
BRDA:974,1,1,0
BRDA:984,2,0,0
BRDA:984,2,1,0
BRDA:986,3,0,0
BRDA:986,3,1,0
BRDA:1000,4,0,0
BRDA:1000,4,1,0
BRDA:1001,5,0,0
BRDA:1001,5,1,0
BRDA:1012,6,0,0
BRDA:1012,6,1,0
BRDA:1013,7,0,0
BRDA:1013,7,1,0
BRDA:1014,8,0,0
BRDA:1014,8,1,0
BRDA:1015,9,0,0
BRDA:1015,9,1,0
BRDA:1016,10,0,0
BRDA:1016,10,1,0
BRDA:1020,11,0,0
BRDA:1020,11,1,0
BRDA:1047,12,0,0
BRDA:1047,12,1,0
BRDA:1051,13,0,0
BRDA:1051,13,1,0
BRDA:1052,14,0,0
BRDA:1052,14,1,0
BRDA:1057,15,0,0
BRDA:1057,15,1,0
BRDA:1071,16,0,0
BRDA:1071,16,1,0
BRDA:1100,17,0,0
BRDA:1100,17,1,0
BRDA:1120,18,0,0
BRDA:1120,18,1,0
BRDA:1152,19,0,0
BRDA:1152,19,1,0
BRF:40
BRH:0
end_of_record
TN:
SF:src/components/GameplayPhase_backup_before_expansion.tsx
FN:6,(anonymous_0)
FN:430,(anonymous_1)
FN:439,(anonymous_2)
FN:447,(anonymous_3)
FN:461,(anonymous_4)
FN:466,(anonymous_5)
FN:540,(anonymous_6)
FN:543,(anonymous_7)
FNF:8
FNH:0
FNDA:0,(anonymous_0)
FNDA:0,(anonymous_1)
FNDA:0,(anonymous_2)
FNDA:0,(anonymous_3)
FNDA:0,(anonymous_4)
FNDA:0,(anonymous_5)
FNDA:0,(anonymous_6)
FNDA:0,(anonymous_7)
DA:1,0
DA:3,0
DA:6,0
DA:7,0
DA:418,0
DA:430,0
DA:435,0
DA:436,0
DA:437,0
DA:439,0
DA:440,0
DA:441,0
DA:442,0
DA:443,0
DA:447,0
DA:448,0
DA:449,0
DA:452,0
DA:453,0
DA:455,0
DA:461,0
DA:462,0
DA:466,0
DA:467,0
DA:468,0
DA:469,0
DA:470,0
DA:471,0
DA:472,0
DA:475,0
DA:476,0
DA:479,0
DA:541,0
DA:543,0
LF:34
LH:0
BRDA:418,0,0,0
BRDA:418,0,1,0
BRDA:440,1,0,0
BRDA:440,1,1,0
BRDA:456,2,0,0
BRDA:456,2,1,0
BRDA:457,3,0,0
BRDA:457,3,1,0
BRDA:467,4,0,0
BRDA:467,4,1,0
BRDA:468,5,0,0
BRDA:468,5,1,0
BRDA:469,6,0,0
BRDA:469,6,1,0
BRDA:470,7,0,0
BRDA:470,7,1,0
BRDA:471,8,0,0
BRDA:471,8,1,0
BRDA:475,9,0,0
BRDA:475,9,1,0
BRDA:502,10,0,0
BRDA:502,10,1,0
BRDA:506,11,0,0
BRDA:506,11,1,0
BRDA:507,12,0,0
BRDA:507,12,1,0
BRDA:517,13,0,0
BRDA:517,13,1,0
BRDA:567,14,0,0
BRDA:567,14,1,0
BRF:30
BRH:0
end_of_record
TN:
SF:src/components/Header.tsx
FN:10,(anonymous_0)
FN:17,(anonymous_1)
FN:18,(anonymous_2)
FNF:3
FNH:0
FNDA:0,(anonymous_0)
FNDA:0,(anonymous_1)
FNDA:0,(anonymous_2)
DA:1,0
DA:2,0
DA:10,0
DA:15,0
DA:17,0
DA:18,0
DA:22,0
DA:39,0
DA:41,0
LF:9
LH:0
BRDA:13,0,0,0
BRDA:18,1,0,0
BRDA:18,1,1,0
BRDA:59,2,0,0
BRDA:59,2,1,0
BRDA:83,3,0,0
BRDA:83,3,1,0
BRDA:97,4,0,0
BRDA:97,4,1,0
BRDA:97,4,2,0
BRF:10
BRH:0
end_of_record
TN:
SF:src/components/InformationCenter.tsx
FN:9,(anonymous_0)
FN:17,(anonymous_1)
FN:27,(anonymous_2)
FN:38,(anonymous_3)
FN:52,(anonymous_4)
FN:68,(anonymous_5)
FN:79,(anonymous_6)
FN:102,(anonymous_7)
FN:123,(anonymous_8)
FN:144,(anonymous_9)
FNF:10
FNH:0
FNDA:0,(anonymous_0)
FNDA:0,(anonymous_1)
FNDA:0,(anonymous_2)
FNDA:0,(anonymous_3)
FNDA:0,(anonymous_4)
FNDA:0,(anonymous_5)
FNDA:0,(anonymous_6)
FNDA:0,(anonymous_7)
FNDA:0,(anonymous_8)
FNDA:0,(anonymous_9)
DA:1,0
DA:2,0
DA:9,0
DA:10,0
DA:11,0
DA:12,0
DA:13,0
DA:15,0
DA:17,0
DA:18,0
DA:19,0
DA:20,0
DA:22,0
DA:23,0
DA:27,0
DA:28,0
DA:31,0
DA:38,0
DA:52,0
DA:68,0
DA:79,0
DA:102,0
DA:123,0
DA:144,0
LF:24
LH:0
BRDA:15,0,0,0
BRDA:15,0,1,0
BRDA:19,1,0,0
BRDA:19,1,1,0
BRDA:19,2,0,0
BRDA:19,2,1,0
BRDA:28,3,0,0
BRDA:28,3,1,0
BRDA:58,4,0,0
BRDA:58,4,1,0
BRDA:87,5,0,0
BRDA:87,5,1,0
BRDA:90,6,0,0
BRDA:90,6,1,0
BRDA:110,7,0,0
BRDA:110,7,1,0
BRDA:113,8,0,0
BRDA:113,8,1,0
BRDA:131,9,0,0
BRDA:131,9,1,0
BRDA:134,10,0,0
BRDA:134,10,1,0
BRDA:152,11,0,0
BRDA:152,11,1,0
BRDA:155,12,0,0
BRDA:155,12,1,0
BRF:26
BRH:0
end_of_record
TN:
SF:src/components/LanguageSwitcher.tsx
FN:8,(anonymous_0)
FN:14,(anonymous_1)
FN:27,(anonymous_2)
FNF:3
FNH:0
FNDA:0,(anonymous_0)
FNDA:0,(anonymous_1)
FNDA:0,(anonymous_2)
DA:1,0
DA:2,0
DA:8,0
DA:9,0
DA:11,0
DA:14,0
DA:27,0
LF:7
LH:0
BRDA:8,0,0,0
BRDA:16,1,0,0
BRDA:16,1,1,0
BRDA:29,2,0,0
BRDA:29,2,1,0
BRF:5
BRH:0
end_of_record
TN:
SF:src/components/ModalManager.tsx
FN:26,(anonymous_0)
FN:94,(anonymous_1)
FNF:2
FNH:0
FNDA:0,(anonymous_0)
FNDA:0,(anonymous_1)
DA:1,0
DA:3,0
DA:4,0
DA:5,0
DA:26,0
DA:44,0
DA:94,0
DA:97,0
DA:102,0
DA:103,0
DA:108,0
DA:112,0
DA:113,0
DA:118,0
DA:122,0
DA:123,0
DA:128,0
DA:132,0
DA:133,0
DA:137,0
DA:142,0
DA:144,0
LF:22
LH:0
BRDA:47,0,0,0
BRDA:47,0,1,0
BRDA:62,1,0,0
BRDA:62,1,1,0
BRDA:97,2,0,0
BRDA:97,2,1,0
BRDA:97,2,2,0
BRDA:102,3,0,0
BRDA:102,3,1,0
BRDA:108,4,0,0
BRDA:108,4,1,0
BRDA:112,5,0,0
BRDA:112,5,1,0
BRDA:118,6,0,0
BRDA:118,6,1,0
BRDA:122,7,0,0
BRDA:122,7,1,0
BRDA:128,8,0,0
BRDA:128,8,1,0
BRDA:132,9,0,0
BRDA:132,9,1,0
BRF:21
BRH:0
end_of_record
TN:
SF:src/components/OnboardingPhase.tsx
FN:8,(anonymous_0)
FNF:1
FNH:0
FNDA:0,(anonymous_0)
DA:1,0
DA:3,0
DA:4,0
DA:5,0
DA:6,0
DA:8,0
DA:15,0
DA:16,0
DA:18,0
LF:9
LH:0
BRDA:16,0,0,0
BRDA:16,0,1,0
BRDA:51,1,0,0
BRDA:51,1,1,0
BRDA:59,2,0,0
BRDA:59,2,1,0
BRDA:76,3,0,0
BRDA:76,3,1,0
BRDA:84,4,0,0
BRDA:84,4,1,0
BRDA:104,5,0,0
BRDA:104,5,1,0
BRDA:110,6,0,0
BRDA:110,6,1,0
BRDA:113,7,0,0
BRDA:113,7,1,0
BRF:16
BRH:0
end_of_record
TN:
SF:src/components/RequirementsInput.tsx
FN:5,(anonymous_0)
FN:16,(anonymous_1)
FN:20,(anonymous_2)
FN:27,(anonymous_3)
FN:34,(anonymous_4)
FNF:5
FNH:0
FNDA:0,(anonymous_0)
FNDA:0,(anonymous_1)
FNDA:0,(anonymous_2)
FNDA:0,(anonymous_3)
FNDA:0,(anonymous_4)
DA:1,0
DA:3,0
DA:5,0
DA:11,0
DA:13,0
DA:16,0
DA:17,0
DA:20,0
DA:21,0
DA:22,0
DA:23,0
DA:27,0
DA:29,0
DA:30,0
DA:34,0
DA:36,0
DA:37,0
DA:41,0
LF:18
LH:0
BRDA:8,0,0,0
BRDA:9,1,0,0
BRDA:22,2,0,0
BRDA:22,2,1,0
BRDA:29,3,0,0
BRDA:29,3,1,0
BRDA:36,4,0,0
BRDA:36,4,1,0
BRDA:36,5,0,0
BRDA:36,5,1,0
BRF:10
BRH:0
end_of_record
TN:
SF:src/components/RoleSelector.tsx
FN:5,(anonymous_0)
FN:19,(anonymous_1)
FN:42,(anonymous_2)
FN:49,(anonymous_3)
FN:50,(anonymous_4)
FN:93,(anonymous_5)
FNF:6
FNH:0
FNDA:0,(anonymous_0)
FNDA:0,(anonymous_1)
FNDA:0,(anonymous_2)
FNDA:0,(anonymous_3)
FNDA:0,(anonymous_4)
FNDA:0,(anonymous_5)
DA:1,0
DA:3,0
DA:5,0
DA:10,0
DA:12,0
DA:19,0
DA:20,0
DA:21,0
DA:22,0
DA:23,0
DA:28,0
DA:43,0
DA:49,0
DA:50,0
DA:93,0
LF:15
LH:0
BRDA:8,0,0,0
BRDA:20,1,0,0
BRDA:20,1,1,0
BRDA:20,2,0,0
BRDA:20,2,1,0
BRDA:22,3,0,0
BRDA:22,3,1,0
BRDA:49,4,0,0
BRDA:49,4,1,0
BRDA:52,5,0,0
BRDA:52,5,1,0
BRDA:56,6,0,0
BRDA:56,6,1,0
BRDA:60,7,0,0
BRDA:60,7,1,0
BRDA:78,8,0,0
BRDA:78,8,1,0
BRDA:93,9,0,0
BRDA:93,9,1,0
BRF:19
BRH:0
end_of_record
TN:
SF:src/components/SaveLoadMenu.tsx
FN:17,(anonymous_0)
FN:32,(anonymous_1)
FN:36,(anonymous_2)
FN:44,(anonymous_3)
FN:52,(anonymous_4)
FN:61,(anonymous_5)
FN:101,(anonymous_6)
FN:111,(anonymous_7)
FN:114,(anonymous_8)
FN:125,(anonymous_9)
FN:176,(anonymous_10)
FN:213,(anonymous_11)
FN:221,(anonymous_12)
FN:228,(anonymous_13)
FNF:14
FNH:0
FNDA:0,(anonymous_0)
FNDA:0,(anonymous_1)
FNDA:0,(anonymous_2)
FNDA:0,(anonymous_3)
FNDA:0,(anonymous_4)
FNDA:0,(anonymous_5)
FNDA:0,(anonymous_6)
FNDA:0,(anonymous_7)
FNDA:0,(anonymous_8)
FNDA:0,(anonymous_9)
FNDA:0,(anonymous_10)
FNDA:0,(anonymous_11)
FNDA:0,(anonymous_12)
FNDA:0,(anonymous_13)
DA:1,0
DA:17,0
DA:29,0
DA:30,0
DA:32,0
DA:33,0
DA:36,0
DA:37,0
DA:38,0
DA:39,0
DA:40,0
DA:44,0
DA:45,0
DA:46,0
DA:47,0
DA:48,0
DA:52,0
DA:53,0
DA:61,0
DA:62,0
DA:63,0
DA:64,0
DA:65,0
DA:68,0
DA:101,0
DA:111,0
DA:114,0
DA:126,0
DA:127,0
DA:177,0
DA:213,0
DA:221,0
DA:229,0
DA:230,0
LF:34
LH:0
BRDA:37,0,0,0
BRDA:37,0,1,0
BRDA:46,1,0,0
BRDA:46,1,1,0
BRDA:62,2,0,0
BRDA:62,2,1,0
BRDA:63,3,0,0
BRDA:63,3,1,0
BRDA:64,4,0,0
BRDA:64,4,1,0
BRDA:75,5,0,0
BRDA:75,5,1,0
BRDA:89,6,0,0
BRDA:89,6,1,0
BRDA:99,7,0,0
BRDA:99,7,1,0
BRDA:114,8,0,0
BRDA:114,8,1,0
BRDA:153,9,0,0
BRDA:153,9,1,0
BRDA:158,10,0,0
BRDA:158,10,1,0
BRDA:167,11,0,0
BRDA:167,11,1,0
BRDA:170,12,0,0
BRDA:170,12,1,0
BRDA:211,13,0,0
BRDA:211,13,1,0
BRDA:229,14,0,0
BRDA:229,14,1,0
BRF:30
BRH:0
end_of_record
TN:
SF:src/components/ScenarioOptionButton.tsx
FN:11,(anonymous_0)
FN:20,(anonymous_1)
FN:26,(anonymous_2)
FN:34,(anonymous_3)
FN:52,(anonymous_4)
FN:65,(anonymous_5)
FN:84,(anonymous_6)
FN:85,(anonymous_7)
FNF:8
FNH:0
FNDA:0,(anonymous_0)
FNDA:0,(anonymous_1)
FNDA:0,(anonymous_2)
FNDA:0,(anonymous_3)
FNDA:0,(anonymous_4)
FNDA:0,(anonymous_5)
FNDA:0,(anonymous_6)
FNDA:0,(anonymous_7)
DA:1,0
DA:11,0
DA:18,0
DA:20,0
DA:21,0
DA:22,0
DA:26,0
DA:27,0
DA:28,0
DA:29,0
DA:34,0
DA:35,0
DA:37,0
DA:38,0
DA:41,0
DA:42,0
DA:45,0
DA:46,0
DA:49,0
DA:52,0
DA:53,0
DA:54,0
DA:57,0
DA:58,0
DA:61,0
DA:65,0
DA:66,0
DA:67,0
DA:70,0
DA:77,0
DA:79,0
DA:84,0
DA:85,0
DA:138,0
LF:34
LH:0
BRDA:21,0,0,0
BRDA:21,0,1,0
BRDA:27,1,0,0
BRDA:27,1,1,0
BRDA:27,2,0,0
BRDA:27,2,1,0
BRDA:37,3,0,0
BRDA:37,3,1,0
BRDA:41,4,0,0
BRDA:41,4,1,0
BRDA:45,5,0,0
BRDA:45,5,1,0
BRDA:53,6,0,0
BRDA:53,6,1,0
BRDA:57,7,0,0
BRDA:57,7,1,0
BRDA:65,8,0,0
BRDA:66,9,0,0
BRDA:66,9,1,0
BRDA:94,10,0,0
BRDA:94,10,1,0
BRDA:105,11,0,0
BRDA:105,11,1,0
BRDA:105,11,2,0
BRDA:119,12,0,0
BRDA:119,12,1,0
BRDA:124,13,0,0
BRDA:124,13,1,0
BRF:28
BRH:0
end_of_record
TN:
SF:src/components/StatisticsDashboard.tsx
FN:12,(anonymous_0)
FN:16,(anonymous_1)
FN:18,(anonymous_2)
FN:20,(anonymous_3)
FN:32,(anonymous_4)
FN:88,(anonymous_5)
FN:108,(anonymous_6)
FN:145,(anonymous_7)
FN:151,(anonymous_8)
FN:159,(anonymous_9)
FN:213,(anonymous_10)
FN:221,(anonymous_11)
FN:250,(anonymous_12)
FN:335,(anonymous_13)
FN:347,(anonymous_14)
FN:362,(anonymous_15)
FN:368,(anonymous_16)
FN:376,(anonymous_17)
FN:385,(anonymous_18)
FN:396,(anonymous_19)
FN:416,(anonymous_20)
FN:427,(anonymous_21)
FN:445,(anonymous_22)
FN:455,(anonymous_23)
FN:465,(anonymous_24)
FN:475,(anonymous_25)
FNF:26
FNH:0
FNDA:0,(anonymous_0)
FNDA:0,(anonymous_1)
FNDA:0,(anonymous_2)
FNDA:0,(anonymous_3)
FNDA:0,(anonymous_4)
FNDA:0,(anonymous_5)
FNDA:0,(anonymous_6)
FNDA:0,(anonymous_7)
FNDA:0,(anonymous_8)
FNDA:0,(anonymous_9)
FNDA:0,(anonymous_10)
FNDA:0,(anonymous_11)
FNDA:0,(anonymous_12)
FNDA:0,(anonymous_13)
FNDA:0,(anonymous_14)
FNDA:0,(anonymous_15)
FNDA:0,(anonymous_16)
FNDA:0,(anonymous_17)
FNDA:0,(anonymous_18)
FNDA:0,(anonymous_19)
FNDA:0,(anonymous_20)
FNDA:0,(anonymous_21)
FNDA:0,(anonymous_22)
FNDA:0,(anonymous_23)
FNDA:0,(anonymous_24)
FNDA:0,(anonymous_25)
DA:1,0
DA:3,0
DA:12,0
DA:13,0
DA:14,0
DA:16,0
DA:17,0
DA:18,0
DA:19,0
DA:20,0
DA:21,0
DA:22,0
DA:24,0
DA:32,0
DA:33,0
DA:88,0
DA:108,0
DA:145,0
DA:146,0
DA:152,0
DA:159,0
DA:214,0
DA:222,0
DA:250,0
DA:251,0
DA:336,0
DA:348,0
DA:362,0
DA:363,0
DA:369,0
DA:377,0
DA:386,0
DA:397,0
DA:417,0
DA:428,0
DA:439,0
DA:445,0
DA:455,0
DA:465,0
DA:475,0
LF:40
LH:0
BRDA:44,0,0,0
BRDA:44,0,1,0
BRDA:45,1,0,0
BRDA:45,1,1,0
BRDA:46,2,0,0
BRDA:46,2,1,0
BRDA:56,3,0,0
BRDA:56,3,1,0
BRDA:57,4,0,0
BRDA:57,4,1,0
BRDA:67,5,0,0
BRDA:67,5,1,0
BRDA:68,6,0,0
BRDA:68,6,1,0
BRDA:79,7,0,0
BRDA:79,7,1,0
BRDA:98,8,0,0
BRDA:98,8,1,0
BRDA:107,9,0,0
BRDA:107,9,1,0
BRDA:155,10,0,0
BRDA:155,10,1,0
BRDA:159,11,0,0
BRDA:159,11,1,0
BRDA:207,12,0,0
BRDA:207,12,1,0
BRDA:295,13,0,0
BRDA:295,13,1,0
BRDA:392,14,0,0
BRDA:392,14,1,0
BRDA:447,15,0,0
BRDA:447,15,1,0
BRDA:457,16,0,0
BRDA:457,16,1,0
BRDA:467,17,0,0
BRDA:467,17,1,0
BRDA:477,18,0,0
BRDA:477,18,1,0
BRDA:488,19,0,0
BRDA:488,19,1,0
BRDA:489,20,0,0
BRDA:489,20,1,0
BRDA:490,21,0,0
BRDA:490,21,1,0
BRDA:491,22,0,0
BRDA:491,22,1,0
BRF:46
BRH:0
end_of_record
TN:
SF:src/components/StyleSelector.tsx
FN:5,(anonymous_0)
FN:41,(anonymous_1)
FN:44,(anonymous_2)
FNF:3
FNH:0
FNDA:0,(anonymous_0)
FNDA:0,(anonymous_1)
FNDA:0,(anonymous_2)
DA:1,0
DA:3,0
DA:5,0
DA:10,0
DA:12,0
DA:33,0
DA:42,0
DA:44,0
LF:8
LH:0
BRDA:8,0,0,0
BRDA:48,1,0,0
BRDA:48,1,1,0
BRDA:52,2,0,0
BRDA:52,2,1,0
BRF:5
BRH:0
end_of_record
TN:
SF:src/components/Timeline.tsx
FN:4,(anonymous_0)
FN:21,(anonymous_1)
FN:27,(anonymous_2)
FN:40,(anonymous_3)
FNF:4
FNH:0
FNDA:0,(anonymous_0)
FNDA:0,(anonymous_1)
FNDA:0,(anonymous_2)
FNDA:0,(anonymous_3)
DA:1,0
DA:4,0
DA:6,0
DA:7,0
DA:21,0
DA:22,0
DA:23,0
DA:24,0
DA:27,0
DA:28,0
DA:29,0
DA:32,0
DA:41,0
LF:13
LH:0
BRDA:6,0,0,0
BRDA:6,0,1,0
BRDA:6,1,0,0
BRDA:6,1,1,0
BRDA:22,2,0,0
BRDA:22,2,1,0
BRDA:23,3,0,0
BRDA:23,3,1,0
BRDA:28,4,0,0
BRDA:28,4,1,0
BRDA:43,5,0,0
BRDA:43,5,1,0
BRDA:79,6,0,0
BRDA:79,6,1,0
BRDA:84,7,0,0
BRDA:84,7,1,0
BRDA:89,8,0,0
BRDA:89,8,1,0
BRDA:89,8,2,0
BRDA:97,9,0,0
BRDA:97,9,1,0
BRDA:111,10,0,0
BRDA:111,10,1,0
BRF:23
BRH:0
end_of_record
TN:
SF:src/contexts/TranslationContext.tsx
FN:12,(anonymous_0)
FN:24,(anonymous_1)
FN:27,(anonymous_2)
FN:32,(anonymous_3)
FNF:4
FNH:0
FNDA:0,(anonymous_0)
FNDA:0,(anonymous_1)
FNDA:0,(anonymous_2)
FNDA:0,(anonymous_3)
DA:1,0
DA:2,0
DA:10,0
DA:12,0
DA:13,0
DA:14,0
DA:15,0
DA:17,0
DA:24,0
DA:25,0
DA:27,0
DA:28,0
DA:29,0
DA:32,0
DA:34,0
LF:15
LH:0
BRDA:14,0,0,0
BRDA:14,0,1,0
BRF:2
BRH:0
end_of_record
TN:
SF:src/data/familyScenarios.ts
FN:4,(anonymous_0)
FN:272,(anonymous_1)
FNF:2
FNH:0
FNDA:0,(anonymous_0)
FNDA:0,(anonymous_1)
DA:4,0
DA:12,0
DA:14,0
DA:257,0
DA:258,0
DA:261,0
DA:262,0
DA:263,0
DA:264,0
DA:265,0
DA:268,0
DA:272,0
DA:278,0
DA:415,0
LF:14
LH:0
BRDA:12,0,0,0
BRDA:12,0,1,0
BRDA:19,1,0,0
BRDA:19,1,1,0
BRDA:258,2,0,0
BRDA:258,2,1,0
BRDA:262,3,0,0
BRDA:262,3,1,0
BRDA:264,4,0,0
BRDA:264,4,1,0
BRDA:268,5,0,0
BRDA:268,5,1,0
BRDA:282,6,0,0
BRDA:282,6,1,0
BRDA:347,7,0,0
BRDA:347,7,1,0
BRDA:393,8,0,0
BRDA:393,8,1,0
BRDA:415,9,0,0
BRDA:415,9,1,0
BRDA:415,9,2,0
BRF:21
BRH:0
end_of_record
TN:
SF:src/services/achievementService.ts
FN:17,(anonymous_0)
FN:22,(anonymous_1)
FN:275,(anonymous_2)
FN:307,(anonymous_3)
FN:311,(anonymous_4)
FN:312,(anonymous_5)
FN:315,(anonymous_6)
FN:316,(anonymous_7)
FN:319,(anonymous_8)
FN:330,(anonymous_9)
FN:359,(anonymous_10)
FN:372,(anonymous_11)
FN:384,(anonymous_12)
FN:396,(anonymous_13)
FN:436,(anonymous_14)
FN:454,(anonymous_15)
FN:463,(anonymous_16)
FN:473,(anonymous_17)
FN:487,(anonymous_18)
FN:517,(anonymous_19)
FN:518,(anonymous_20)
FN:521,(anonymous_21)
FN:570,(anonymous_22)
FN:584,(anonymous_23)
FN:607,(anonymous_24)
FN:611,(anonymous_25)
FN:626,(anonymous_26)
FN:627,(anonymous_27)
FN:630,(anonymous_28)
FNF:29
FNH:21
FNDA:2,(anonymous_0)
FNDA:2,(anonymous_1)
FNDA:2,(anonymous_2)
FNDA:10,(anonymous_3)
FNDA:10,(anonymous_4)
FNDA:130,(anonymous_5)
FNDA:6,(anonymous_6)
FNDA:42,(anonymous_7)
FNDA:10,(anonymous_8)
FNDA:12,(anonymous_9)
FNDA:12,(anonymous_10)
FNDA:0,(anonymous_11)
FNDA:0,(anonymous_12)
FNDA:0,(anonymous_13)
FNDA:10,(anonymous_14)
FNDA:0,(anonymous_15)
FNDA:0,(anonymous_16)
FNDA:0,(anonymous_17)
FNDA:3,(anonymous_18)
FNDA:15,(anonymous_19)
FNDA:0,(anonymous_20)
FNDA:6,(anonymous_21)
FNDA:3,(anonymous_22)
FNDA:3,(anonymous_23)
FNDA:2,(anonymous_24)
FNDA:1,(anonymous_25)
FNDA:3,(anonymous_26)
FNDA:0,(anonymous_27)
FNDA:3,(anonymous_28)
DA:13,1
DA:14,2
DA:15,2
DA:18,2
DA:19,2
DA:23,2
DA:276,2
DA:308,10
DA:312,130
DA:316,42
DA:320,10
DA:322,10
DA:323,12
DA:324,2
DA:327,0
DA:331,12
DA:332,12
DA:333,12
DA:335,12
DA:336,12
DA:337,12
DA:339,12
DA:340,10
DA:343,12
DA:346,12
DA:347,12
DA:349,12
DA:364,12
DA:365,12
DA:366,12
DA:368,12
DA:370,0
DA:371,0
DA:372,0
DA:373,0
DA:374,0
DA:375,0
DA:376,0
DA:379,0
DA:382,0
DA:383,0
DA:384,0
DA:385,0
DA:386,0
DA:387,0
DA:388,0
DA:391,0
DA:394,0
DA:395,0
DA:396,0
DA:397,0
DA:398,0
DA:400,0
DA:403,2
DA:404,2
DA:405,2
DA:406,2
DA:408,2
DA:411,0
DA:412,0
DA:413,0
DA:414,0
DA:416,0
DA:419,0
DA:420,0
DA:421,0
DA:422,0
DA:426,10
DA:427,10
DA:428,10
DA:429,10
DA:430,10
DA:433,12
DA:441,10
DA:442,10
DA:443,10
DA:445,10
DA:447,10
DA:448,10
DA:449,10
DA:450,10
DA:454,0
DA:455,0
DA:456,0
DA:457,0
DA:458,0
DA:461,0
DA:462,0
DA:463,0
DA:464,0
DA:465,0
DA:466,0
DA:467,0
DA:469,0
DA:473,0
DA:474,0
DA:478,0
DA:479,0
DA:480,0
DA:481,0
DA:484,10
DA:488,3
DA:489,3
DA:491,2
DA:492,0
DA:495,0
DA:496,0
DA:497,0
DA:500,0
DA:514,0
DA:518,15
DA:522,6
DA:523,5
DA:525,5
DA:526,5
DA:534,5
DA:545,5
DA:546,65
DA:550,5
DA:551,0
DA:552,0
DA:553,0
DA:554,0
DA:555,0
DA:556,0
DA:560,0
DA:571,3
DA:572,1
DA:579,2
DA:580,0
DA:585,3
DA:588,3
DA:591,0
DA:592,0
DA:593,0
DA:594,0
DA:595,0
DA:596,0
DA:602,0
DA:604,0
DA:608,2
DA:612,1
DA:614,1
DA:615,3
DA:616,1
DA:623,0
DA:627,3
DA:631,3
DA:633,1
DA:635,1
DA:637,1
DA:639,0
DA:644,1
LF:153
LH:78
BRDA:339,0,0,10
BRDA:339,0,1,2
BRDA:355,1,0,12
BRDA:355,1,1,10
BRDA:368,2,0,0
BRDA:368,2,1,0
BRDA:368,2,2,0
BRDA:368,2,3,2
BRDA:368,2,4,0
BRDA:368,2,5,0
BRDA:368,2,6,10
BRDA:370,3,0,0
BRDA:370,3,1,0
BRDA:370,4,0,0
BRDA:370,4,1,0
BRDA:373,5,0,0
BRDA:373,5,1,0
BRDA:382,6,0,0
BRDA:382,6,1,0
BRDA:382,7,0,0
BRDA:382,7,1,0
BRDA:385,8,0,0
BRDA:385,8,1,0
BRDA:394,9,0,0
BRDA:394,9,1,0
BRDA:394,10,0,0
BRDA:394,10,1,0
BRDA:403,11,0,2
BRDA:403,11,1,0
BRDA:411,12,0,0
BRDA:411,12,1,0
BRDA:445,13,0,10
BRDA:445,13,1,0
BRDA:445,13,2,0
BRDA:445,13,3,0
BRDA:461,14,0,0
BRDA:461,14,1,0
BRDA:461,15,0,0
BRDA:461,15,1,0
BRDA:466,16,0,0
BRDA:466,16,1,0
BRDA:467,17,0,0
BRDA:467,17,1,0
BRDA:474,18,0,0
BRDA:474,18,1,0
BRDA:474,18,2,0
BRDA:489,19,0,1
BRDA:489,19,1,2
BRDA:491,20,0,0
BRDA:491,20,1,0
BRDA:496,21,0,0
BRDA:496,21,1,0
BRDA:504,22,0,0
BRDA:504,22,1,0
BRDA:507,23,0,0
BRDA:507,23,1,0
BRDA:508,24,0,0
BRDA:508,24,1,0
BRDA:552,25,0,0
BRDA:552,25,1,0
BRDA:571,26,0,1
BRDA:571,26,1,2
BRDA:579,27,0,0
BRDA:579,27,1,2
BRDA:592,28,0,0
BRDA:592,28,1,0
BRDA:594,29,0,0
BRDA:594,29,1,0
BRDA:615,30,0,1
BRDA:615,30,1,1
BRDA:615,31,0,3
BRDA:615,31,1,3
BRDA:631,32,0,1
BRDA:631,32,1,1
BRDA:631,32,2,1
BRDA:631,32,3,0
BRDA:633,33,0,1
BRDA:633,33,1,1
BRF:78
BRH:22
end_of_record
TN:
SF:src/services/analyticsService.ts
FN:119,(anonymous_0)
FN:125,(anonymous_1)
FN:130,(anonymous_2)
FN:138,(anonymous_3)
FN:146,(anonymous_4)
FN:151,(anonymous_5)
FN:152,(anonymous_6)
FN:156,(anonymous_7)
FN:162,(anonymous_8)
FN:163,(anonymous_9)
FN:166,(anonymous_10)
FN:167,(anonymous_11)
FN:170,(anonymous_12)
FN:174,(anonymous_13)
FN:178,(anonymous_14)
FN:182,(anonymous_15)
FN:183,(anonymous_16)
FN:184,(anonymous_17)
FN:187,(anonymous_18)
FN:216,(anonymous_19)
FN:218,(anonymous_20)
FN:220,(anonymous_21)
FN:228,(anonymous_22)
FN:232,(anonymous_23)
FN:237,(anonymous_24)
FN:243,(anonymous_25)
FN:250,(anonymous_26)
FN:254,(anonymous_27)
FN:259,(anonymous_28)
FN:269,(anonymous_29)
FN:270,(anonymous_30)
FN:271,(anonymous_31)
FN:309,(anonymous_32)
FN:315,(anonymous_33)
FN:316,(anonymous_34)
FN:317,(anonymous_35)
FN:322,(anonymous_36)
FN:322,(anonymous_37)
FN:323,(anonymous_38)
FN:323,(anonymous_39)
FN:324,(anonymous_40)
FN:329,(anonymous_41)
FN:330,(anonymous_42)
FN:330,(anonymous_43)
FN:331,(anonymous_44)
FN:331,(anonymous_45)
FN:335,(anonymous_46)
FN:340,(anonymous_47)
FN:341,(anonymous_48)
FN:346,(anonymous_49)
FN:347,(anonymous_50)
FN:351,(anonymous_51)
FN:352,(anonymous_52)
FN:372,(anonymous_53)
FN:384,(anonymous_54)
FN:386,(anonymous_55)
FN:388,(anonymous_56)
FN:432,(anonymous_57)
FN:434,(anonymous_58)
FN:435,(anonymous_59)
FN:436,(anonymous_60)
FN:453,(anonymous_61)
FN:458,(anonymous_62)
FN:469,(anonymous_63)
FN:488,(anonymous_64)
FN:490,(anonymous_65)
FN:501,(anonymous_66)
FN:514,(anonymous_67)
FN:516,(anonymous_68)
FN:519,(anonymous_69)
FN:521,(anonymous_70)
FN:524,(anonymous_71)
FN:538,(anonymous_72)
FN:545,(anonymous_73)
FN:561,(anonymous_74)
FN:573,(anonymous_75)
FN:577,(anonymous_76)
FN:590,(anonymous_77)
FN:605,(anonymous_78)
FN:615,(anonymous_79)
FN:616,(anonymous_80)
FN:629,(anonymous_81)
FN:630,(anonymous_82)
FN:643,(anonymous_83)
FNF:84
FNH:0
FNDA:0,(anonymous_0)
FNDA:0,(anonymous_1)
FNDA:0,(anonymous_2)
FNDA:0,(anonymous_3)
FNDA:0,(anonymous_4)
FNDA:0,(anonymous_5)
FNDA:0,(anonymous_6)
FNDA:0,(anonymous_7)
FNDA:0,(anonymous_8)
FNDA:0,(anonymous_9)
FNDA:0,(anonymous_10)
FNDA:0,(anonymous_11)
FNDA:0,(anonymous_12)
FNDA:0,(anonymous_13)
FNDA:0,(anonymous_14)
FNDA:0,(anonymous_15)
FNDA:0,(anonymous_16)
FNDA:0,(anonymous_17)
FNDA:0,(anonymous_18)
FNDA:0,(anonymous_19)
FNDA:0,(anonymous_20)
FNDA:0,(anonymous_21)
FNDA:0,(anonymous_22)
FNDA:0,(anonymous_23)
FNDA:0,(anonymous_24)
FNDA:0,(anonymous_25)
FNDA:0,(anonymous_26)
FNDA:0,(anonymous_27)
FNDA:0,(anonymous_28)
FNDA:0,(anonymous_29)
FNDA:0,(anonymous_30)
FNDA:0,(anonymous_31)
FNDA:0,(anonymous_32)
FNDA:0,(anonymous_33)
FNDA:0,(anonymous_34)
FNDA:0,(anonymous_35)
FNDA:0,(anonymous_36)
FNDA:0,(anonymous_37)
FNDA:0,(anonymous_38)
FNDA:0,(anonymous_39)
FNDA:0,(anonymous_40)
FNDA:0,(anonymous_41)
FNDA:0,(anonymous_42)
FNDA:0,(anonymous_43)
FNDA:0,(anonymous_44)
FNDA:0,(anonymous_45)
FNDA:0,(anonymous_46)
FNDA:0,(anonymous_47)
FNDA:0,(anonymous_48)
FNDA:0,(anonymous_49)
FNDA:0,(anonymous_50)
FNDA:0,(anonymous_51)
FNDA:0,(anonymous_52)
FNDA:0,(anonymous_53)
FNDA:0,(anonymous_54)
FNDA:0,(anonymous_55)
FNDA:0,(anonymous_56)
FNDA:0,(anonymous_57)
FNDA:0,(anonymous_58)
FNDA:0,(anonymous_59)
FNDA:0,(anonymous_60)
FNDA:0,(anonymous_61)
FNDA:0,(anonymous_62)
FNDA:0,(anonymous_63)
FNDA:0,(anonymous_64)
FNDA:0,(anonymous_65)
FNDA:0,(anonymous_66)
FNDA:0,(anonymous_67)
FNDA:0,(anonymous_68)
FNDA:0,(anonymous_69)
FNDA:0,(anonymous_70)
FNDA:0,(anonymous_71)
FNDA:0,(anonymous_72)
FNDA:0,(anonymous_73)
FNDA:0,(anonymous_74)
FNDA:0,(anonymous_75)
FNDA:0,(anonymous_76)
FNDA:0,(anonymous_77)
FNDA:0,(anonymous_78)
FNDA:0,(anonymous_79)
FNDA:0,(anonymous_80)
FNDA:0,(anonymous_81)
FNDA:0,(anonymous_82)
FNDA:0,(anonymous_83)
DA:116,0
DA:120,0
DA:121,0
DA:124,0
DA:125,0
DA:129,0
DA:131,0
DA:132,0
DA:137,0
DA:138,0
DA:142,0
DA:145,0
DA:146,0
DA:150,0
DA:151,0
DA:152,0
DA:156,0
DA:157,0
DA:160,0
DA:161,0
DA:162,0
DA:163,0
DA:165,0
DA:166,0
DA:167,0
DA:170,0
DA:171,0
DA:173,0
DA:174,0
DA:178,0
DA:179,0
DA:182,0
DA:183,0
DA:184,0
DA:187,0
DA:188,0
DA:193,0
DA:217,0
DA:218,0
DA:219,0
DA:220,0
DA:223,0
DA:224,0
DA:225,0
DA:228,0
DA:229,0
DA:232,0
DA:233,0
DA:236,0
DA:237,0
DA:241,0
DA:244,0
DA:250,0
DA:251,0
DA:254,0
DA:255,0
DA:258,0
DA:259,0
DA:263,0
DA:266,0
DA:267,0
DA:269,0
DA:270,0
DA:271,0
DA:272,0
DA:273,0
DA:277,0
DA:280,0
DA:283,0
DA:285,0
DA:310,0
DA:311,0
DA:314,0
DA:315,0
DA:316,0
DA:317,0
DA:321,0
DA:322,0
DA:323,0
DA:324,0
DA:328,0
DA:329,0
DA:330,0
DA:331,0
DA:335,0
DA:336,0
DA:339,0
DA:340,0
DA:341,0
DA:345,0
DA:346,0
DA:347,0
DA:350,0
DA:351,0
DA:352,0
DA:356,0
DA:358,0
DA:383,0
DA:384,0
DA:385,0
DA:386,0
DA:388,0
DA:389,0
DA:390,0
DA:391,0
DA:394,0
DA:395,0
DA:397,0
DA:398,0
DA:400,0
DA:401,0
DA:404,0
DA:405,0
DA:406,0
DA:407,0
DA:409,0
DA:419,0
DA:422,0
DA:424,0
DA:433,0
DA:434,0
DA:435,0
DA:436,0
DA:438,0
DA:439,0
DA:441,0
DA:442,0
DA:443,0
DA:445,0
DA:446,0
DA:447,0
DA:448,0
DA:450,0
DA:454,0
DA:455,0
DA:458,0
DA:459,0
DA:460,0
DA:461,0
DA:466,0
DA:467,0
DA:469,0
DA:470,0
DA:471,0
DA:472,0
DA:473,0
DA:476,0
DA:477,0
DA:478,0
DA:479,0
DA:485,0
DA:489,0
DA:490,0
DA:491,0
DA:494,0
DA:496,0
DA:497,0
DA:498,0
DA:502,0
DA:504,0
DA:505,0
DA:506,0
DA:507,0
DA:508,0
DA:509,0
DA:511,0
DA:515,0
DA:516,0
DA:518,0
DA:519,0
DA:521,0
DA:533,0
DA:536,0
DA:538,0
DA:539,0
DA:540,0
DA:541,0
DA:545,0
DA:546,0
DA:547,0
DA:548,0
DA:549,0
DA:558,0
DA:562,0
DA:564,0
DA:565,0
DA:566,0
DA:567,0
DA:568,0
DA:570,0
DA:574,0
DA:578,0
DA:579,0
DA:580,0
DA:581,0
DA:584,0
DA:585,0
DA:587,0
DA:591,0
DA:593,0
DA:594,0
DA:595,0
DA:596,0
DA:597,0
DA:602,0
DA:606,0
DA:607,0
DA:609,0
DA:610,0
DA:611,0
DA:615,0
DA:616,0
DA:618,0
DA:619,0
DA:620,0
DA:621,0
DA:624,0
DA:625,0
DA:629,0
DA:630,0
DA:632,0
DA:633,0
DA:636,0
DA:637,0
DA:640,0
DA:644,0
DA:645,0
DA:648,0
DA:649,0
DA:652,0
DA:653,0
DA:656,0
DA:657,0
DA:661,0
DA:662,0
DA:663,0
DA:664,0
DA:665,0
DA:670,0
DA:671,0
DA:672,0
DA:675,0
LF:242
LH:0
BRDA:121,0,0,0
BRDA:121,0,1,0
BRDA:124,1,0,0
BRDA:124,1,1,0
BRDA:129,2,0,0
BRDA:129,2,1,0
BRDA:131,3,0,0
BRDA:131,3,1,0
BRDA:137,4,0,0
BRDA:137,4,1,0
BRDA:171,5,0,0
BRDA:171,5,1,0
BRDA:173,6,0,0
BRDA:173,6,1,0
BRDA:179,7,0,0
BRDA:179,7,1,0
BRDA:188,8,0,0
BRDA:188,8,1,0
BRDA:188,8,2,0
BRDA:229,9,0,0
BRDA:229,9,1,0
BRDA:229,10,0,0
BRDA:229,10,1,0
BRDA:233,11,0,0
BRDA:233,11,1,0
BRDA:233,12,0,0
BRDA:233,12,1,0
BRDA:236,13,0,0
BRDA:236,13,1,0
BRDA:241,14,0,0
BRDA:241,14,1,0
BRDA:251,15,0,0
BRDA:251,15,1,0
BRDA:251,16,0,0
BRDA:251,16,1,0
BRDA:255,17,0,0
BRDA:255,17,1,0
BRDA:255,18,0,0
BRDA:255,18,1,0
BRDA:258,19,0,0
BRDA:258,19,1,0
BRDA:286,20,0,0
BRDA:286,20,1,0
BRDA:329,21,0,0
BRDA:329,21,1,0
BRDA:340,22,0,0
BRDA:340,22,1,0
BRDA:346,23,0,0
BRDA:346,23,1,0
BRDA:351,24,0,0
BRDA:351,24,1,0
BRDA:394,25,0,0
BRDA:394,25,1,0
BRDA:395,26,0,0
BRDA:395,26,1,0
BRDA:397,27,0,0
BRDA:397,27,1,0
BRDA:398,28,0,0
BRDA:398,28,1,0
BRDA:400,29,0,0
BRDA:400,29,1,0
BRDA:401,30,0,0
BRDA:401,30,1,0
BRDA:404,31,0,0
BRDA:404,31,1,0
BRDA:405,32,0,0
BRDA:405,32,1,0
BRDA:406,33,0,0
BRDA:406,33,1,0
BRDA:407,34,0,0
BRDA:407,34,1,0
BRDA:434,35,0,0
BRDA:434,35,1,0
BRDA:435,36,0,0
BRDA:435,36,1,0
BRDA:436,37,0,0
BRDA:436,37,1,0
BRDA:439,38,0,0
BRDA:439,38,1,0
BRDA:445,39,0,0
BRDA:445,39,1,0
BRDA:445,40,0,0
BRDA:445,40,1,0
BRDA:446,41,0,0
BRDA:446,41,1,0
BRDA:447,42,0,0
BRDA:447,42,1,0
BRDA:448,43,0,0
BRDA:448,43,1,0
BRDA:448,44,0,0
BRDA:448,44,1,0
BRDA:459,45,0,0
BRDA:459,45,1,0
BRDA:460,46,0,0
BRDA:460,46,1,0
BRDA:476,47,0,0
BRDA:476,47,1,0
BRDA:485,48,0,0
BRDA:485,48,1,0
BRDA:491,49,0,0
BRDA:491,49,1,0
BRDA:496,50,0,0
BRDA:496,50,1,0
BRDA:497,51,0,0
BRDA:497,51,1,0
BRDA:504,52,0,0
BRDA:504,52,1,0
BRDA:504,53,0,0
BRDA:504,53,1,0
BRDA:505,54,0,0
BRDA:505,54,1,0
BRDA:505,55,0,0
BRDA:505,55,1,0
BRDA:506,56,0,0
BRDA:506,56,1,0
BRDA:506,57,0,0
BRDA:506,57,1,0
BRDA:507,58,0,0
BRDA:507,58,1,0
BRDA:507,59,0,0
BRDA:507,59,1,0
BRDA:508,60,0,0
BRDA:508,60,1,0
BRDA:508,61,0,0
BRDA:508,61,1,0
BRDA:509,62,0,0
BRDA:509,62,1,0
BRDA:509,63,0,0
BRDA:509,63,1,0
BRDA:516,64,0,0
BRDA:516,64,1,0
BRDA:540,65,0,0
BRDA:540,65,1,0
BRDA:546,66,0,0
BRDA:546,66,1,0
BRDA:548,67,0,0
BRDA:548,67,1,0
BRDA:564,68,0,0
BRDA:564,68,1,0
BRDA:564,69,0,0
BRDA:564,69,1,0
BRDA:565,70,0,0
BRDA:565,70,1,0
BRDA:565,71,0,0
BRDA:565,71,1,0
BRDA:566,72,0,0
BRDA:566,72,1,0
BRDA:566,73,0,0
BRDA:566,73,1,0
BRDA:567,74,0,0
BRDA:567,74,1,0
BRDA:567,75,0,0
BRDA:567,75,1,0
BRDA:568,76,0,0
BRDA:568,76,1,0
BRDA:568,77,0,0
BRDA:568,77,1,0
BRDA:596,78,0,0
BRDA:596,78,1,0
BRDA:609,79,0,0
BRDA:609,79,1,0
BRDA:618,80,0,0
BRDA:618,80,1,0
BRDA:620,81,0,0
BRDA:620,81,1,0
BRDA:624,82,0,0
BRDA:624,82,1,0
BRDA:632,83,0,0
BRDA:632,83,1,0
BRDA:636,84,0,0
BRDA:636,84,1,0
BRDA:648,85,0,0
BRDA:648,85,1,0
BRDA:652,86,0,0
BRDA:652,86,1,0
BRDA:656,87,0,0
BRDA:656,87,1,0
BRDA:662,88,0,0
BRDA:662,88,1,0
BRDA:664,89,0,0
BRDA:664,89,1,0
BRDA:671,90,0,0
BRDA:671,90,1,0
BRDA:671,91,0,0
BRDA:671,91,1,0
BRF:185
BRH:0
end_of_record
TN:
SF:src/services/characterDevelopmentService.ts
FN:107,(anonymous_0)
FN:109,(anonymous_1)
FN:116,(anonymous_2)
FN:117,(anonymous_3)
FN:136,(anonymous_4)
FN:151,(anonymous_5)
FN:166,(anonymous_6)
FN:179,(anonymous_7)
FN:180,(anonymous_8)
FN:202,(anonymous_9)
FN:218,(anonymous_10)
FN:237,(anonymous_11)
FN:261,(anonymous_12)
FN:280,(anonymous_13)
FN:299,(anonymous_14)
FN:307,(anonymous_15)
FN:313,(anonymous_16)
FN:314,(anonymous_17)
FN:326,(anonymous_18)
FN:327,(anonymous_19)
FN:339,(anonymous_20)
FN:353,(anonymous_21)
FN:357,(anonymous_22)
FN:386,(anonymous_23)
FN:387,(anonymous_24)
FN:394,(anonymous_25)
FN:395,(anonymous_26)
FN:402,(anonymous_27)
FN:403,(anonymous_28)
FN:404,(anonymous_29)
FN:405,(anonymous_30)
FNF:31
FNH:31
FNDA:75,(anonymous_0)
FNDA:750,(anonymous_1)
FNDA:900,(anonymous_2)
FNDA:111,(anonymous_3)
FNDA:450,(anonymous_4)
FNDA:17,(anonymous_5)
FNDA:90,(anonymous_6)
FNDA:9,(anonymous_7)
FNDA:4,(anonymous_8)
FNDA:7,(anonymous_9)
FNDA:7,(anonymous_10)
FNDA:102,(anonymous_11)
FNDA:750,(anonymous_12)
FNDA:900,(anonymous_13)
FNDA:21,(anonymous_14)
FNDA:21,(anonymous_15)
FNDA:42,(anonymous_16)
FNDA:217,(anonymous_17)
FNDA:14,(anonymous_18)
FNDA:11,(anonymous_19)
FNDA:7,(anonymous_20)
FNDA:17,(anonymous_21)
FNDA:170,(anonymous_22)
FNDA:3,(anonymous_23)
FNDA:30,(anonymous_24)
FNDA:3,(anonymous_25)
FNDA:26,(anonymous_26)
FNDA:6,(anonymous_27)
FNDA:60,(anonymous_28)
FNDA:14,(anonymous_29)
FNDA:5,(anonymous_30)
DA:11,2
DA:14,2
DA:28,2
DA:44,2
DA:109,750
DA:115,75
DA:116,900
DA:117,111
DA:125,75
DA:136,450
DA:141,75
DA:156,17
DA:157,17
DA:165,17
DA:166,9
DA:167,90
DA:168,90
DA:169,14
DA:170,14
DA:171,14
DA:173,76
DA:178,17
DA:179,8
DA:180,9
DA:181,9
DA:182,3
DA:183,3
DA:186,3
DA:187,3
DA:188,3
DA:189,0
DA:190,0
DA:193,3
DA:199,3
DA:202,7
DA:203,6
DA:204,6
DA:210,6
DA:217,17
DA:218,7
DA:219,7
DA:220,7
DA:221,7
DA:228,7
DA:237,17
DA:238,102
DA:240,21
DA:241,21
DA:242,21
DA:243,21
DA:246,81
DA:250,17
DA:253,17
DA:258,17
DA:263,750
DA:276,750
DA:277,750
DA:281,900
DA:296,900
DA:304,21
DA:312,21
DA:313,21
DA:314,217
DA:315,42
DA:316,35
DA:317,35
DA:325,21
DA:326,14
DA:327,14
DA:328,14
DA:329,5
DA:330,5
DA:338,21
DA:339,7
DA:340,7
DA:341,0
DA:342,0
DA:357,17
DA:359,170
DA:361,170
DA:363,34
DA:364,34
DA:366,51
DA:367,51
DA:369,51
DA:370,51
DA:372,17
DA:373,17
DA:375,17
DA:376,17
DA:379,170
DA:387,3
DA:388,30
DA:389,30
DA:390,30
DA:395,3
DA:396,26
DA:397,26
DA:398,26
DA:403,60
DA:404,14
DA:405,6
DA:407,6
LF:103
LH:99
BRDA:165,0,0,9
BRDA:165,0,1,8
BRDA:168,1,0,14
BRDA:168,1,1,76
BRDA:178,2,0,8
BRDA:178,2,1,9
BRDA:181,3,0,3
BRDA:181,3,1,6
BRDA:188,4,0,0
BRDA:188,4,1,3
BRDA:188,5,0,3
BRDA:188,5,1,0
BRDA:203,6,0,6
BRDA:203,6,1,0
BRDA:217,7,0,7
BRDA:217,7,1,10
BRDA:219,8,0,7
BRDA:219,8,1,0
BRDA:223,9,0,7
BRDA:223,9,1,0
BRDA:224,10,0,7
BRDA:224,10,1,1
BRDA:225,11,0,7
BRDA:225,11,1,7
BRDA:238,12,0,21
BRDA:238,12,1,81
BRDA:238,13,0,102
BRDA:238,13,1,70
BRDA:241,14,0,21
BRDA:241,14,1,0
BRDA:276,15,0,750
BRDA:276,15,1,0
BRDA:296,16,0,900
BRDA:296,16,1,75
BRDA:312,17,0,21
BRDA:312,17,1,0
BRDA:315,18,0,35
BRDA:315,18,1,7
BRDA:325,19,0,14
BRDA:325,19,1,7
BRDA:328,20,0,5
BRDA:328,20,1,9
BRDA:338,21,0,7
BRDA:338,21,1,14
BRDA:340,22,0,0
BRDA:340,22,1,7
BRDA:340,23,0,7
BRDA:340,23,1,0
BRDA:344,24,0,0
BRDA:344,24,1,0
BRDA:345,25,0,0
BRDA:345,25,1,0
BRDA:346,26,0,0
BRDA:346,26,1,0
BRDA:361,27,0,34
BRDA:361,27,1,51
BRDA:361,27,2,51
BRDA:361,27,3,17
BRDA:361,27,4,17
BRDA:363,28,0,12
BRDA:363,28,1,22
BRDA:366,29,0,42
BRDA:366,29,1,9
BRDA:372,30,0,13
BRDA:372,30,1,4
BRDA:388,31,0,15
BRDA:388,31,1,15
BRDA:396,32,0,11
BRDA:396,32,1,15
BRF:69
BRH:53
end_of_record
TN:
SF:src/services/familyManagementService.ts
FN:14,(anonymous_0)
FN:49,(anonymous_1)
FN:64,(anonymous_2)
FN:107,(anonymous_3)
FN:126,(anonymous_4)
FN:178,(anonymous_5)
FN:204,(anonymous_6)
FN:205,(anonymous_7)
FN:210,(anonymous_8)
FN:214,(anonymous_9)
FN:230,(anonymous_10)
FN:234,(anonymous_11)
FN:252,(anonymous_12)
FN:256,(anonymous_13)
FN:301,(anonymous_14)
FN:347,(anonymous_15)
FN:351,(anonymous_16)
FN:365,(anonymous_17)
FN:372,(anonymous_18)
FN:388,(anonymous_19)
FN:405,(anonymous_20)
FN:418,(anonymous_21)
FN:423,(anonymous_22)
FN:428,(anonymous_23)
FN:436,(anonymous_24)
FN:441,(anonymous_25)
FN:442,(anonymous_26)
FNF:27
FNH:0
FNDA:0,(anonymous_0)
FNDA:0,(anonymous_1)
FNDA:0,(anonymous_2)
FNDA:0,(anonymous_3)
FNDA:0,(anonymous_4)
FNDA:0,(anonymous_5)
FNDA:0,(anonymous_6)
FNDA:0,(anonymous_7)
FNDA:0,(anonymous_8)
FNDA:0,(anonymous_9)
FNDA:0,(anonymous_10)
FNDA:0,(anonymous_11)
FNDA:0,(anonymous_12)
FNDA:0,(anonymous_13)
FNDA:0,(anonymous_14)
FNDA:0,(anonymous_15)
FNDA:0,(anonymous_16)
FNDA:0,(anonymous_17)
FNDA:0,(anonymous_18)
FNDA:0,(anonymous_19)
FNDA:0,(anonymous_20)
FNDA:0,(anonymous_21)
FNDA:0,(anonymous_22)
FNDA:0,(anonymous_23)
FNDA:0,(anonymous_24)
FNDA:0,(anonymous_25)
FNDA:0,(anonymous_26)
DA:9,0
DA:11,0
DA:21,0
DA:22,0
DA:24,0
DA:54,0
DA:55,0
DA:60,0
DA:63,0
DA:64,0
DA:65,0
DA:74,0
DA:75,0
DA:82,0
DA:94,0
DA:113,0
DA:116,0
DA:117,0
DA:125,0
DA:126,0
DA:127,0
DA:129,0
DA:130,0
DA:137,0
DA:138,0
DA:151,0
DA:152,0
DA:167,0
DA:174,0
DA:188,0
DA:189,0
DA:191,0
DA:192,0
DA:204,0
DA:205,0
DA:206,0
DA:207,0
DA:210,0
DA:211,0
DA:214,0
DA:215,0
DA:218,0
DA:222,0
DA:226,0
DA:227,0
DA:229,0
DA:230,0
DA:231,0
DA:234,0
DA:235,0
DA:239,0
DA:253,0
DA:262,0
DA:265,0
DA:266,0
DA:267,0
DA:268,0
DA:270,0
DA:272,0
DA:273,0
DA:274,0
DA:275,0
DA:277,0
DA:280,0
DA:281,0
DA:282,0
DA:283,0
DA:285,0
DA:286,0
DA:290,0
DA:308,0
DA:316,0
DA:318,0
DA:326,0
DA:335,0
DA:343,0
DA:351,0
DA:352,0
DA:353,0
DA:354,0
DA:359,0
DA:362,0
DA:372,0
DA:373,0
DA:375,0
DA:384,0
DA:395,0
DA:396,0
DA:398,0
DA:399,0
DA:402,0
DA:405,0
DA:406,0
DA:407,0
DA:411,0
DA:414,0
DA:419,0
DA:424,0
DA:429,0
DA:430,0
DA:432,0
DA:440,0
DA:441,0
DA:443,0
DA:444,0
DA:445,0
LF:106
LH:0
BRDA:116,0,0,0
BRDA:116,0,1,0
BRDA:125,1,0,0
BRDA:125,1,1,0
BRDA:127,2,0,0
BRDA:127,2,1,0
BRDA:129,3,0,0
BRDA:129,3,1,0
BRDA:137,4,0,0
BRDA:137,4,1,0
BRDA:151,5,0,0
BRDA:151,5,1,0
BRDA:155,6,0,0
BRDA:155,6,1,0
BRDA:158,7,0,0
BRDA:158,7,1,0
BRDA:161,8,0,0
BRDA:161,8,1,0
BRDA:191,9,0,0
BRDA:191,9,1,0
BRDA:211,10,0,0
BRDA:211,10,1,0
BRDA:211,11,0,0
BRDA:211,11,1,0
BRDA:215,12,0,0
BRDA:215,12,1,0
BRDA:215,13,0,0
BRDA:215,13,1,0
BRDA:218,14,0,0
BRDA:218,14,1,0
BRDA:219,15,0,0
BRDA:219,15,1,0
BRDA:220,16,0,0
BRDA:220,16,1,0
BRDA:222,17,0,0
BRDA:222,17,1,0
BRDA:223,18,0,0
BRDA:223,18,1,0
BRDA:224,19,0,0
BRDA:224,19,1,0
BRDA:229,20,0,0
BRDA:229,20,1,0
BRDA:231,21,0,0
BRDA:231,21,1,0
BRDA:231,22,0,0
BRDA:231,22,1,0
BRDA:235,23,0,0
BRDA:235,23,1,0
BRDA:235,24,0,0
BRDA:235,24,1,0
BRDA:270,25,0,0
BRDA:270,25,1,0
BRDA:275,26,0,0
BRDA:275,26,1,0
BRDA:280,27,0,0
BRDA:280,27,1,0
BRDA:316,28,0,0
BRDA:316,28,1,0
BRDA:316,28,2,0
BRDA:316,28,3,0
BRDA:353,29,0,0
BRDA:353,29,1,0
BRDA:373,30,0,0
BRDA:373,30,1,0
BRDA:373,31,0,0
BRDA:373,31,1,0
BRDA:373,31,2,0
BRDA:373,31,3,0
BRDA:377,32,0,0
BRDA:377,32,1,0
BRDA:378,33,0,0
BRDA:378,33,1,0
BRDA:379,34,0,0
BRDA:379,34,1,0
BRDA:381,35,0,0
BRDA:381,35,1,0
BRDA:395,36,0,0
BRDA:395,36,1,0
BRDA:396,37,0,0
BRDA:396,37,1,0
BRDA:398,38,0,0
BRDA:398,38,1,0
BRDA:398,39,0,0
BRDA:398,39,1,0
BRDA:402,40,0,0
BRDA:402,40,1,0
BRDA:406,41,0,0
BRDA:406,41,1,0
BRDA:407,42,0,0
BRDA:407,42,1,0
BRDA:419,43,0,0
BRDA:419,43,1,0
BRDA:424,44,0,0
BRDA:424,44,1,0
BRDA:429,45,0,0
BRDA:429,45,1,0
BRDA:441,46,0,0
BRDA:441,46,1,0
BRDA:443,47,0,0
BRDA:443,47,1,0
BRDA:448,48,0,0
BRDA:448,48,1,0
BRF:102
BRH:0
end_of_record
TN:
SF:src/services/mockApi.ts
FN:16,(anonymous_0)
FN:19,(anonymous_1)
FN:20,(anonymous_2)
FN:23,(anonymous_3)
FN:57,(anonymous_4)
FN:94,(anonymous_5)
FN:95,(anonymous_6)
FN:99,(anonymous_7)
FN:123,(anonymous_8)
FN:138,(anonymous_9)
FN:155,(anonymous_10)
FNF:11
FNH:11
FNDA:1,(anonymous_0)
FNDA:69,(anonymous_1)
FNDA:69,(anonymous_2)
FNDA:44,(anonymous_3)
FNDA:44,(anonymous_4)
FNDA:44,(anonymous_5)
FNDA:396,(anonymous_6)
FNDA:25,(anonymous_7)
FNDA:38,(anonymous_8)
FNDA:25,(anonymous_9)
FNDA:6,(anonymous_10)
DA:13,1
DA:14,1
DA:17,1
DA:20,69
DA:24,44
DA:31,44
DA:36,44
DA:46,44
DA:48,44
DA:58,44
DA:59,44
DA:60,44
DA:68,44
DA:74,44
DA:91,44
DA:95,396
DA:96,44
DA:100,25
DA:107,25
DA:109,25
DA:110,25
DA:112,25
DA:124,38
DA:126,38
DA:127,38
DA:129,38
DA:139,25
DA:141,25
DA:142,25
DA:143,25
DA:145,25
DA:147,25
DA:156,6
DA:158,6
DA:165,1
DA:166,1
LF:36
LH:36
BRDA:46,0,0,8
BRDA:46,0,1,36
BRDA:46,1,0,36
BRDA:46,1,1,0
BRDA:115,2,0,25
BRDA:115,2,1,0
BRDA:116,3,0,25
BRDA:116,3,1,0
BRDA:143,4,0,24
BRDA:143,4,1,1
BRF:10
BRH:7
end_of_record
TN:
SF:src/services/peerInteractionService.ts
FN:48,(anonymous_0)
FN:60,(anonymous_1)
FN:104,(anonymous_2)
FN:113,(anonymous_3)
FN:114,(anonymous_4)
FN:135,(anonymous_5)
FN:170,(anonymous_6)
FN:171,(anonymous_7)
FN:172,(anonymous_8)
FN:173,(anonymous_9)
FN:183,(anonymous_10)
FN:191,(anonymous_11)
FN:197,(anonymous_12)
FN:214,(anonymous_13)
FN:218,(anonymous_14)
FN:219,(anonymous_15)
FN:228,(anonymous_16)
FN:241,(anonymous_17)
FN:251,(anonymous_18)
FN:252,(anonymous_19)
FN:257,(anonymous_20)
FN:272,(anonymous_21)
FN:278,(anonymous_22)
FN:377,(anonymous_23)
FN:426,(anonymous_24)
FN:465,(anonymous_25)
FN:474,(anonymous_26)
FN:482,(anonymous_27)
FN:487,(anonymous_28)
FN:489,(anonymous_29)
FN:509,(anonymous_30)
FN:517,(anonymous_31)
FN:521,(anonymous_32)
FNF:33
FNH:0
FNDA:0,(anonymous_0)
FNDA:0,(anonymous_1)
FNDA:0,(anonymous_2)
FNDA:0,(anonymous_3)
FNDA:0,(anonymous_4)
FNDA:0,(anonymous_5)
FNDA:0,(anonymous_6)
FNDA:0,(anonymous_7)
FNDA:0,(anonymous_8)
FNDA:0,(anonymous_9)
FNDA:0,(anonymous_10)
FNDA:0,(anonymous_11)
FNDA:0,(anonymous_12)
FNDA:0,(anonymous_13)
FNDA:0,(anonymous_14)
FNDA:0,(anonymous_15)
FNDA:0,(anonymous_16)
FNDA:0,(anonymous_17)
FNDA:0,(anonymous_18)
FNDA:0,(anonymous_19)
FNDA:0,(anonymous_20)
FNDA:0,(anonymous_21)
FNDA:0,(anonymous_22)
FNDA:0,(anonymous_23)
FNDA:0,(anonymous_24)
FNDA:0,(anonymous_25)
FNDA:0,(anonymous_26)
FNDA:0,(anonymous_27)
FNDA:0,(anonymous_28)
FNDA:0,(anonymous_29)
FNDA:0,(anonymous_30)
FNDA:0,(anonymous_31)
FNDA:0,(anonymous_32)
DA:45,0
DA:49,0
DA:50,0
DA:52,0
DA:53,0
DA:56,0
DA:66,0
DA:72,0
DA:73,0
DA:76,0
DA:77,0
DA:78,0
DA:80,0
DA:83,0
DA:86,0
DA:89,0
DA:91,0
DA:105,0
DA:113,0
DA:114,0
DA:115,0
DA:118,0
DA:119,0
DA:120,0
DA:124,0
DA:125,0
DA:127,0
DA:136,0
DA:143,0
DA:144,0
DA:145,0
DA:147,0
DA:150,0
DA:151,0
DA:152,0
DA:153,0
DA:158,0
DA:159,0
DA:160,0
DA:161,0
DA:162,0
DA:166,0
DA:171,0
DA:172,0
DA:173,0
DA:175,0
DA:176,0
DA:177,0
DA:178,0
DA:179,0
DA:184,0
DA:185,0
DA:186,0
DA:187,0
DA:192,0
DA:194,0
DA:195,0
DA:197,0
DA:198,0
DA:199,0
DA:201,0
DA:210,0
DA:215,0
DA:218,0
DA:219,0
DA:220,0
DA:221,0
DA:222,0
DA:223,0
DA:228,0
DA:229,0
DA:231,0
DA:234,0
DA:235,0
DA:237,0
DA:247,0
DA:250,0
DA:251,0
DA:252,0
DA:254,0
DA:256,0
DA:257,0
DA:259,0
DA:262,0
DA:263,0
DA:264,0
DA:265,0
DA:267,0
DA:278,0
DA:279,0
DA:282,0
DA:373,0
DA:383,0
DA:422,0
DA:432,0
DA:461,0
DA:471,0
DA:474,0
DA:475,0
DA:476,0
DA:479,0
DA:482,0
DA:483,0
DA:484,0
DA:487,0
DA:488,0
DA:489,0
DA:492,0
DA:493,0
DA:494,0
DA:495,0
DA:497,0
DA:505,0
DA:515,0
DA:517,0
DA:518,0
DA:519,0
DA:521,0
DA:522,0
DA:525,0
DA:526,0
DA:529,0
DA:530,0
DA:531,0
DA:532,0
DA:535,0
DA:542,0
LF:127
LH:0
BRDA:76,0,0,0
BRDA:76,0,1,0
BRDA:77,1,0,0
BRDA:77,1,1,0
BRDA:118,2,0,0
BRDA:118,2,1,0
BRDA:118,3,0,0
BRDA:118,3,1,0
BRDA:124,4,0,0
BRDA:124,4,1,0
BRDA:124,5,0,0
BRDA:124,5,1,0
BRDA:125,6,0,0
BRDA:125,6,1,0
BRDA:125,7,0,0
BRDA:125,7,1,0
BRDA:143,8,0,0
BRDA:143,8,1,0
BRDA:144,9,0,0
BRDA:144,9,1,0
BRDA:150,10,0,0
BRDA:150,10,1,0
BRDA:150,11,0,0
BRDA:150,11,1,0
BRDA:152,12,0,0
BRDA:152,12,1,0
BRDA:161,13,0,0
BRDA:161,13,1,0
BRDA:171,14,0,0
BRDA:171,14,1,0
BRDA:172,15,0,0
BRDA:172,15,1,0
BRDA:173,16,0,0
BRDA:173,16,1,0
BRDA:175,17,0,0
BRDA:175,17,1,0
BRDA:175,18,0,0
BRDA:175,18,1,0
BRDA:176,19,0,0
BRDA:176,19,1,0
BRDA:176,20,0,0
BRDA:176,20,1,0
BRDA:177,21,0,0
BRDA:177,21,1,0
BRDA:178,22,0,0
BRDA:178,22,1,0
BRDA:184,23,0,0
BRDA:184,23,1,0
BRDA:185,24,0,0
BRDA:185,24,1,0
BRDA:186,25,0,0
BRDA:186,25,1,0
BRDA:192,26,0,0
BRDA:192,26,1,0
BRDA:220,27,0,0
BRDA:220,27,1,0
BRDA:247,28,0,0
BRDA:247,28,1,0
BRDA:247,29,0,0
BRDA:247,29,1,0
BRDA:254,30,0,0
BRDA:254,30,1,0
BRDA:259,31,0,0
BRDA:259,31,1,0
BRDA:262,32,0,0
BRDA:262,32,1,0
BRDA:264,33,0,0
BRDA:264,33,1,0
BRDA:373,34,0,0
BRDA:373,34,1,0
BRDA:422,35,0,0
BRDA:422,35,1,0
BRDA:461,36,0,0
BRDA:461,36,1,0
BRDA:468,37,0,0
BRDA:476,38,0,0
BRDA:476,38,1,0
BRDA:479,39,0,0
BRDA:479,39,1,0
BRDA:492,40,0,0
BRDA:492,40,1,0
BRDA:519,41,0,0
BRDA:519,41,1,0
BRDA:522,42,0,0
BRDA:522,42,1,0
BRDA:530,43,0,0
BRDA:530,43,1,0
BRDA:531,44,0,0
BRDA:531,44,1,0
BRDA:532,45,0,0
BRDA:532,45,1,0
BRF:91
BRH:0
end_of_record
TN:
SF:src/services/saveGameService.ts
FN:19,(anonymous_0)
FN:23,(anonymous_1)
FN:29,(anonymous_2)
FN:37,(anonymous_3)
FN:46,(anonymous_4)
FN:81,(anonymous_5)
FN:100,(anonymous_6)
FN:104,(anonymous_7)
FN:114,(anonymous_8)
FN:121,(anonymous_9)
FN:138,(anonymous_10)
FN:157,(anonymous_11)
FN:178,(anonymous_12)
FN:207,(anonymous_13)
FN:230,(anonymous_14)
FN:244,(anonymous_15)
FN:254,(anonymous_16)
FN:271,(anonymous_17)
FN:285,(anonymous_18)
FNF:19
FNH:19
FNDA:9,(anonymous_0)
FNDA:2,(anonymous_1)
FNDA:6,(anonymous_2)
FNDA:23,(anonymous_3)
FNDA:16,(anonymous_4)
FNDA:5,(anonymous_5)
FNDA:3,(anonymous_6)
FNDA:2,(anonymous_7)
FNDA:1,(anonymous_8)
FNDA:2,(anonymous_9)
FNDA:2,(anonymous_10)
FNDA:3,(anonymous_11)
FNDA:4,(anonymous_12)
FNDA:3,(anonymous_13)
FNDA:2,(anonymous_14)
FNDA:36,(anonymous_15)
FNDA:11,(anonymous_16)
FNDA:1,(anonymous_17)
FNDA:1,(anonymous_18)
DA:9,1
DA:15,1
DA:20,9
DA:24,2
DA:25,2
DA:26,2
DA:30,6
DA:31,6
DA:32,6
DA:34,6
DA:38,23
DA:47,16
DA:48,8
DA:51,8
DA:52,8
DA:53,8
DA:55,8
DA:64,8
DA:66,8
DA:67,8
DA:70,8
DA:73,8
DA:75,8
DA:77,0
DA:82,5
DA:83,5
DA:84,5
DA:86,5
DA:87,2
DA:90,3
DA:91,1
DA:94,2
DA:96,3
DA:101,3
DA:102,3
DA:104,3
DA:114,1
DA:116,0
DA:117,0
DA:122,2
DA:123,2
DA:125,2
DA:126,1
DA:129,1
DA:130,1
DA:132,1
DA:134,1
DA:139,2
DA:140,2
DA:141,2
DA:143,2
DA:144,1
DA:147,1
DA:148,1
DA:150,1
DA:151,1
DA:153,1
DA:158,3
DA:159,3
DA:160,3
DA:162,3
DA:163,1
DA:166,2
DA:172,2
DA:174,1
DA:179,4
DA:180,4
DA:182,3
DA:183,2
DA:187,1
DA:188,1
DA:195,1
DA:196,1
DA:198,1
DA:199,1
DA:201,1
DA:203,3
DA:208,3
DA:209,3
DA:211,3
DA:212,1
DA:215,2
DA:217,1
DA:218,1
DA:219,1
DA:222,0
DA:224,1
DA:225,1
DA:226,1
DA:231,2
DA:232,1
DA:235,1
DA:236,1
DA:238,0
DA:245,36
DA:246,36
DA:247,33
DA:249,4
DA:250,4
DA:255,11
DA:256,11
DA:257,11
DA:263,11
DA:265,0
DA:272,1
DA:273,1
DA:276,1
DA:277,1
DA:280,1
DA:282,1
DA:286,1
DA:287,1
DA:288,1
DA:293,1
LF:114
LH:108
BRDA:30,0,0,6
BRDA:30,0,1,1
BRDA:39,1,0,23
BRDA:39,1,1,21
BRDA:39,1,2,16
BRDA:39,1,3,14
BRDA:47,2,0,8
BRDA:47,2,1,8
BRDA:53,3,0,8
BRDA:53,3,1,6
BRDA:86,4,0,2
BRDA:86,4,1,3
BRDA:90,5,0,1
BRDA:90,5,1,2
BRDA:110,6,0,2
BRDA:110,6,1,0
BRDA:111,7,0,2
BRDA:111,7,1,0
BRDA:112,8,0,2
BRDA:112,8,1,0
BRDA:125,9,0,1
BRDA:125,9,1,1
BRDA:143,10,0,1
BRDA:143,10,1,1
BRDA:162,11,0,1
BRDA:162,11,1,2
BRDA:182,12,0,2
BRDA:182,12,1,1
BRDA:182,13,0,3
BRDA:182,13,1,1
BRDA:211,14,0,1
BRDA:211,14,1,2
BRDA:217,15,0,1
BRDA:217,15,1,0
BRDA:231,16,0,1
BRDA:231,16,1,1
BRDA:247,17,0,32
BRDA:247,17,1,1
BRDA:276,18,0,1
BRDA:276,18,1,0
BRF:40
BRH:35
end_of_record
TN:
SF:src/services/scenarioGenerationService.ts
FN:182,(anonymous_0)
FN:221,(anonymous_1)
FN:236,(anonymous_2)
FN:243,(anonymous_3)
FN:251,(anonymous_4)
FN:263,(anonymous_5)
FN:275,(anonymous_6)
FN:297,(anonymous_7)
FN:309,(anonymous_8)
FN:327,(anonymous_9)
FN:343,(anonymous_10)
FN:418,(anonymous_11)
FN:490,(anonymous_12)
FN:510,(anonymous_13)
FN:548,(anonymous_14)
FN:554,(anonymous_15)
FN:565,(anonymous_16)
FN:570,(anonymous_17)
FN:579,(anonymous_18)
FNF:19
FNH:0
FNDA:0,(anonymous_0)
FNDA:0,(anonymous_1)
FNDA:0,(anonymous_2)
FNDA:0,(anonymous_3)
FNDA:0,(anonymous_4)
FNDA:0,(anonymous_5)
FNDA:0,(anonymous_6)
FNDA:0,(anonymous_7)
FNDA:0,(anonymous_8)
FNDA:0,(anonymous_9)
FNDA:0,(anonymous_10)
FNDA:0,(anonymous_11)
FNDA:0,(anonymous_12)
FNDA:0,(anonymous_13)
FNDA:0,(anonymous_14)
FNDA:0,(anonymous_15)
FNDA:0,(anonymous_16)
FNDA:0,(anonymous_17)
FNDA:0,(anonymous_18)
DA:11,0
DA:12,0
DA:14,0
DA:17,0
DA:24,0
DA:151,0
DA:191,0
DA:192,0
DA:193,0
DA:197,0
DA:198,0
DA:199,0
DA:200,0
DA:205,0
DA:206,0
DA:207,0
DA:211,0
DA:212,0
DA:213,0
DA:217,0
DA:226,0
DA:228,0
DA:229,0
DA:232,0
DA:243,0
DA:244,0
DA:245,0
DA:251,0
DA:252,0
DA:253,0
DA:254,0
DA:257,0
DA:258,0
DA:259,0
DA:261,0
DA:262,0
DA:263,0
DA:265,0
DA:266,0
DA:271,0
DA:281,0
DA:282,0
DA:283,0
DA:285,0
DA:286,0
DA:288,0
DA:289,0
DA:290,0
DA:291,0
DA:294,0
DA:295,0
DA:296,0
DA:297,0
DA:298,0
DA:299,0
DA:305,0
DA:316,0
DA:318,0
DA:334,0
DA:349,0
DA:350,0
DA:352,0
DA:354,0
DA:365,0
DA:377,0
DA:388,0
DA:401,0
DA:402,0
DA:414,0
DA:419,0
DA:421,0
DA:422,0
DA:455,0
DA:491,0
DA:506,0
DA:511,0
DA:550,0
DA:561,0
DA:566,0
DA:571,0
DA:584,0
DA:588,0
DA:589,0
LF:83
LH:0
BRDA:192,0,0,0
BRDA:192,0,1,0
BRDA:197,1,0,0
BRDA:197,1,1,0
BRDA:197,2,0,0
BRDA:197,2,1,0
BRDA:197,2,2,0
BRDA:199,3,0,0
BRDA:199,3,1,0
BRDA:206,4,0,0
BRDA:206,4,1,0
BRDA:212,5,0,0
BRDA:212,5,1,0
BRDA:228,6,0,0
BRDA:228,6,1,0
BRDA:245,7,0,0
BRDA:245,7,1,0
BRDA:245,7,2,0
BRDA:245,7,3,0
BRDA:261,8,0,0
BRDA:261,8,1,0
BRDA:262,9,0,0
BRDA:262,9,1,0
BRDA:265,10,0,0
BRDA:265,10,1,0
BRDA:283,11,0,0
BRDA:283,11,1,0
BRDA:288,12,0,0
BRDA:288,12,1,0
BRDA:290,13,0,0
BRDA:290,13,1,0
BRDA:294,14,0,0
BRDA:294,14,1,0
BRDA:296,15,0,0
BRDA:296,15,1,0
BRDA:298,16,0,0
BRDA:298,16,1,0
BRDA:352,17,0,0
BRDA:352,17,1,0
BRDA:401,18,0,0
BRDA:401,18,1,0
BRDA:408,19,0,0
BRDA:408,19,1,0
BRDA:421,20,0,0
BRDA:421,20,1,0
BRDA:506,21,0,0
BRDA:506,21,1,0
BRDA:582,22,0,0
BRF:48
BRH:0
end_of_record
TN:
SF:src/services/translationService.ts
FN:513,(anonymous_0)
FN:517,(anonymous_1)
FN:521,(anonymous_2)
FNF:3
FNH:0
FNDA:0,(anonymous_0)
FNDA:0,(anonymous_1)
FNDA:0,(anonymous_2)
DA:10,0
DA:510,0
DA:511,0
DA:514,0
DA:518,0
DA:522,0
DA:523,0
DA:524,0
DA:525,0
DA:527,0
DA:530,0
LF:11
LH:0
BRDA:523,0,0,0
BRDA:523,0,1,0
BRF:2
BRH:0
end_of_record
TN:
SF:src/types/game.ts
FN:293,(anonymous_0)
FNF:1
FNH:0
FNDA:0,(anonymous_0)
DA:292,0
DA:294,0
DA:296,0
DA:298,0
DA:299,0
LF:5
LH:0
BRF:0
BRH:0
end_of_record
TN:
SF:src/utils/constants.ts
FNF:0
FNH:0
DA:4,0
DA:13,0
DA:22,0
DA:30,0
DA:38,0
DA:60,0
DA:74,0
DA:97,0
DA:98,0
DA:101,0
DA:108,0
DA:149,0
DA:161,0
DA:169,0
DA:184,0
DA:191,0
DA:205,0
DA:214,0
LF:18
LH:0
BRDA:14,0,0,0
BRDA:14,0,1,0
BRDA:15,1,0,0
BRDA:15,1,1,0
BRDA:23,2,0,0
BRDA:23,2,1,0
BRDA:24,3,0,0
BRDA:24,3,1,0
BRF:8
BRH:0
end_of_record
